Determining if the pthread_create exist failed with the following output:
Change Dir: /home/andrea/pmb2_public_ws/build/pedsim_utils/CMakeFiles/CMakeTmp

Run Build Command:"/usr/bin/make" "cmTC_16afe/fast"
/usr/bin/make -f CMakeFiles/cmTC_16afe.dir/build.make CMakeFiles/cmTC_16afe.dir/build
make[1]: Entering directory '/home/andrea/pmb2_public_ws/build/pedsim_utils/CMakeFiles/CMakeTmp'
Building C object CMakeFiles/cmTC_16afe.dir/CheckSymbolExists.c.o
/usr/bin/cc    -o CMakeFiles/cmTC_16afe.dir/CheckSymbolExists.c.o   -c /home/andrea/pmb2_public_ws/build/pedsim_utils/CMakeFiles/CMakeTmp/CheckSymbolExists.c
Linking C executable cmTC_16afe
/usr/bin/cmake -E cmake_link_script CMakeFiles/cmTC_16afe.dir/link.txt --verbose=1
/usr/bin/cc      -rdynamic CMakeFiles/cmTC_16afe.dir/CheckSymbolExists.c.o  -o cmTC_16afe 
CMakeFiles/cmTC_16afe.dir/CheckSymbolExists.c.o: In function `main':
CheckSymbolExists.c:(.text+0x1b): undefined reference to `pthread_create'
collect2: error: ld returned 1 exit status
CMakeFiles/cmTC_16afe.dir/build.make:97: recipe for target 'cmTC_16afe' failed
make[1]: *** [cmTC_16afe] Error 1
make[1]: Leaving directory '/home/andrea/pmb2_public_ws/build/pedsim_utils/CMakeFiles/CMakeTmp'
Makefile:126: recipe for target 'cmTC_16afe/fast' failed
make: *** [cmTC_16afe/fast] Error 2

File /home/andrea/pmb2_public_ws/build/pedsim_utils/CMakeFiles/CMakeTmp/CheckSymbolExists.c:
/* */
#include <pthread.h>

int main(int argc, char** argv)
{
  (void)argv;
#ifndef pthread_create
  return ((int*)(&pthread_create))[argc];
#else
  (void)argc;
  return 0;
#endif
}

Determining if the function pthread_create exists in the pthreads failed with the following output:
Change Dir: /home/andrea/pmb2_public_ws/build/pedsim_utils/CMakeFiles/CMakeTmp

Run Build Command:"/usr/bin/make" "cmTC_5ab4a/fast"
/usr/bin/make -f CMakeFiles/cmTC_5ab4a.dir/build.make CMakeFiles/cmTC_5ab4a.dir/build
make[1]: Entering directory '/home/andrea/pmb2_public_ws/build/pedsim_utils/CMakeFiles/CMakeTmp'
Building C object CMakeFiles/cmTC_5ab4a.dir/CheckFunctionExists.c.o
/usr/bin/cc   -DCHECK_FUNCTION_EXISTS=pthread_create   -o CMakeFiles/cmTC_5ab4a.dir/CheckFunctionExists.c.o   -c /usr/share/cmake-3.10/Modules/CheckFunctionExists.c
Linking C executable cmTC_5ab4a
/usr/bin/cmake -E cmake_link_script CMakeFiles/cmTC_5ab4a.dir/link.txt --verbose=1
/usr/bin/cc  -DCHECK_FUNCTION_EXISTS=pthread_create    -rdynamic CMakeFiles/cmTC_5ab4a.dir/CheckFunctionExists.c.o  -o cmTC_5ab4a -lpthreads 
/usr/bin/ld: cannot find -lpthreads
collect2: error: ld returned 1 exit status
CMakeFiles/cmTC_5ab4a.dir/build.make:97: recipe for target 'cmTC_5ab4a' failed
make[1]: *** [cmTC_5ab4a] Error 1
make[1]: Leaving directory '/home/andrea/pmb2_public_ws/build/pedsim_utils/CMakeFiles/CMakeTmp'
Makefile:126: recipe for target 'cmTC_5ab4a/fast' failed
make: *** [cmTC_5ab4a/fast] Error 2


