Determining if the pthread_create exist failed with the following output:
Change Dir: /home/andrea/pmb2_public_ws/build/multiple_kobukis/CMakeFiles/CMakeTmp

Run Build Command:"/usr/bin/make" "cmTC_08478/fast"
/usr/bin/make -f CMakeFiles/cmTC_08478.dir/build.make CMakeFiles/cmTC_08478.dir/build
make[1]: Entering directory '/home/andrea/pmb2_public_ws/build/multiple_kobukis/CMakeFiles/CMakeTmp'
Building C object CMakeFiles/cmTC_08478.dir/CheckSymbolExists.c.o
/usr/bin/cc    -o CMakeFiles/cmTC_08478.dir/CheckSymbolExists.c.o   -c /home/andrea/pmb2_public_ws/build/multiple_kobukis/CMakeFiles/CMakeTmp/CheckSymbolExists.c
Linking C executable cmTC_08478
/usr/bin/cmake -E cmake_link_script CMakeFiles/cmTC_08478.dir/link.txt --verbose=1
/usr/bin/cc      -rdynamic CMakeFiles/cmTC_08478.dir/CheckSymbolExists.c.o  -o cmTC_08478 
CMakeFiles/cmTC_08478.dir/CheckSymbolExists.c.o: In function `main':
CheckSymbolExists.c:(.text+0x1b): undefined reference to `pthread_create'
collect2: error: ld returned 1 exit status
CMakeFiles/cmTC_08478.dir/build.make:97: recipe for target 'cmTC_08478' failed
make[1]: *** [cmTC_08478] Error 1
make[1]: Leaving directory '/home/andrea/pmb2_public_ws/build/multiple_kobukis/CMakeFiles/CMakeTmp'
Makefile:126: recipe for target 'cmTC_08478/fast' failed
make: *** [cmTC_08478/fast] Error 2

File /home/andrea/pmb2_public_ws/build/multiple_kobukis/CMakeFiles/CMakeTmp/CheckSymbolExists.c:
/* */
#include <pthread.h>

int main(int argc, char** argv)
{
  (void)argv;
#ifndef pthread_create
  return ((int*)(&pthread_create))[argc];
#else
  (void)argc;
  return 0;
#endif
}

Determining if the function pthread_create exists in the pthreads failed with the following output:
Change Dir: /home/andrea/pmb2_public_ws/build/multiple_kobukis/CMakeFiles/CMakeTmp

Run Build Command:"/usr/bin/make" "cmTC_ef702/fast"
/usr/bin/make -f CMakeFiles/cmTC_ef702.dir/build.make CMakeFiles/cmTC_ef702.dir/build
make[1]: Entering directory '/home/andrea/pmb2_public_ws/build/multiple_kobukis/CMakeFiles/CMakeTmp'
Building C object CMakeFiles/cmTC_ef702.dir/CheckFunctionExists.c.o
/usr/bin/cc   -DCHECK_FUNCTION_EXISTS=pthread_create   -o CMakeFiles/cmTC_ef702.dir/CheckFunctionExists.c.o   -c /usr/share/cmake-3.10/Modules/CheckFunctionExists.c
Linking C executable cmTC_ef702
/usr/bin/cmake -E cmake_link_script CMakeFiles/cmTC_ef702.dir/link.txt --verbose=1
/usr/bin/cc  -DCHECK_FUNCTION_EXISTS=pthread_create    -rdynamic CMakeFiles/cmTC_ef702.dir/CheckFunctionExists.c.o  -o cmTC_ef702 -lpthreads 
/usr/bin/ld: cannot find -lpthreads
collect2: error: ld returned 1 exit status
CMakeFiles/cmTC_ef702.dir/build.make:97: recipe for target 'cmTC_ef702' failed
make[1]: *** [cmTC_ef702] Error 1
make[1]: Leaving directory '/home/andrea/pmb2_public_ws/build/multiple_kobukis/CMakeFiles/CMakeTmp'
Makefile:126: recipe for target 'cmTC_ef702/fast' failed
make: *** [cmTC_ef702/fast] Error 2


