Linked: (/home/andrea/pmb2_public_ws/devel/.private/pal_common_msgs/include/pal_common_msgs/DisableActionResult.h, /home/andrea/pmb2_public_ws/devel/include/pal_common_msgs/DisableActionResult.h)
Linked: (/home/andrea/pmb2_public_ws/devel/.private/pal_common_msgs/include/pal_common_msgs/DisableAction.h, /home/andrea/pmb2_public_ws/devel/include/pal_common_msgs/DisableAction.h)
Linked: (/home/andrea/pmb2_public_ws/devel/.private/pal_common_msgs/include/pal_common_msgs/EmptyGoal.h, /home/andrea/pmb2_public_ws/devel/include/pal_common_msgs/EmptyGoal.h)
Linked: (/home/andrea/pmb2_public_ws/devel/.private/pal_common_msgs/include/pal_common_msgs/EmptyActionGoal.h, /home/andrea/pmb2_public_ws/devel/include/pal_common_msgs/EmptyActionGoal.h)
Linked: (/home/andrea/pmb2_public_ws/devel/.private/pal_common_msgs/include/pal_common_msgs/SetStringResponse.h, /home/andrea/pmb2_public_ws/devel/include/pal_common_msgs/SetStringResponse.h)
Linked: (/home/andrea/pmb2_public_ws/devel/.private/pal_common_msgs/include/pal_common_msgs/EmptyResult.h, /home/andrea/pmb2_public_ws/devel/include/pal_common_msgs/EmptyResult.h)
Linked: (/home/andrea/pmb2_public_ws/devel/.private/pal_common_msgs/include/pal_common_msgs/DisableActionFeedback.h, /home/andrea/pmb2_public_ws/devel/include/pal_common_msgs/DisableActionFeedback.h)
Linked: (/home/andrea/pmb2_public_ws/devel/.private/pal_common_msgs/include/pal_common_msgs/SetStringRequest.h, /home/andrea/pmb2_public_ws/devel/include/pal_common_msgs/SetStringRequest.h)
Linked: (/home/andrea/pmb2_public_ws/devel/.private/pal_common_msgs/include/pal_common_msgs/JointCurrent.h, /home/andrea/pmb2_public_ws/devel/include/pal_common_msgs/JointCurrent.h)
Linked: (/home/andrea/pmb2_public_ws/devel/.private/pal_common_msgs/include/pal_common_msgs/GetStringRequest.h, /home/andrea/pmb2_public_ws/devel/include/pal_common_msgs/GetStringRequest.h)
Linked: (/home/andrea/pmb2_public_ws/devel/.private/pal_common_msgs/include/pal_common_msgs/GetStringResponse.h, /home/andrea/pmb2_public_ws/devel/include/pal_common_msgs/GetStringResponse.h)
Linked: (/home/andrea/pmb2_public_ws/devel/.private/pal_common_msgs/include/pal_common_msgs/EmptyActionResult.h, /home/andrea/pmb2_public_ws/devel/include/pal_common_msgs/EmptyActionResult.h)
Linked: (/home/andrea/pmb2_public_ws/devel/.private/pal_common_msgs/include/pal_common_msgs/GetString.h, /home/andrea/pmb2_public_ws/devel/include/pal_common_msgs/GetString.h)
Linked: (/home/andrea/pmb2_public_ws/devel/.private/pal_common_msgs/include/pal_common_msgs/DisableFeedback.h, /home/andrea/pmb2_public_ws/devel/include/pal_common_msgs/DisableFeedback.h)
Linked: (/home/andrea/pmb2_public_ws/devel/.private/pal_common_msgs/include/pal_common_msgs/DisableActionGoal.h, /home/andrea/pmb2_public_ws/devel/include/pal_common_msgs/DisableActionGoal.h)
Linked: (/home/andrea/pmb2_public_ws/devel/.private/pal_common_msgs/include/pal_common_msgs/EmptyAction.h, /home/andrea/pmb2_public_ws/devel/include/pal_common_msgs/EmptyAction.h)
Linked: (/home/andrea/pmb2_public_ws/devel/.private/pal_common_msgs/include/pal_common_msgs/DisableResult.h, /home/andrea/pmb2_public_ws/devel/include/pal_common_msgs/DisableResult.h)
Linked: (/home/andrea/pmb2_public_ws/devel/.private/pal_common_msgs/include/pal_common_msgs/DisableGoal.h, /home/andrea/pmb2_public_ws/devel/include/pal_common_msgs/DisableGoal.h)
Linked: (/home/andrea/pmb2_public_ws/devel/.private/pal_common_msgs/include/pal_common_msgs/SetString.h, /home/andrea/pmb2_public_ws/devel/include/pal_common_msgs/SetString.h)
Linked: (/home/andrea/pmb2_public_ws/devel/.private/pal_common_msgs/include/pal_common_msgs/EmptyFeedback.h, /home/andrea/pmb2_public_ws/devel/include/pal_common_msgs/EmptyFeedback.h)
Linked: (/home/andrea/pmb2_public_ws/devel/.private/pal_common_msgs/include/pal_common_msgs/EmptyActionFeedback.h, /home/andrea/pmb2_public_ws/devel/include/pal_common_msgs/EmptyActionFeedback.h)
Linked: (/home/andrea/pmb2_public_ws/devel/.private/pal_common_msgs/lib/python2.7/dist-packages/pal_common_msgs/__init__.py, /home/andrea/pmb2_public_ws/devel/lib/python2.7/dist-packages/pal_common_msgs/__init__.py)
Linked: (/home/andrea/pmb2_public_ws/devel/.private/pal_common_msgs/lib/python2.7/dist-packages/pal_common_msgs/msg/_EmptyFeedback.py, /home/andrea/pmb2_public_ws/devel/lib/python2.7/dist-packages/pal_common_msgs/msg/_EmptyFeedback.py)
Linked: (/home/andrea/pmb2_public_ws/devel/.private/pal_common_msgs/lib/python2.7/dist-packages/pal_common_msgs/msg/_JointCurrent.py, /home/andrea/pmb2_public_ws/devel/lib/python2.7/dist-packages/pal_common_msgs/msg/_JointCurrent.py)
Linked: (/home/andrea/pmb2_public_ws/devel/.private/pal_common_msgs/lib/python2.7/dist-packages/pal_common_msgs/msg/_EmptyActionResult.py, /home/andrea/pmb2_public_ws/devel/lib/python2.7/dist-packages/pal_common_msgs/msg/_EmptyActionResult.py)
Linked: (/home/andrea/pmb2_public_ws/devel/.private/pal_common_msgs/lib/python2.7/dist-packages/pal_common_msgs/msg/_DisableActionResult.py, /home/andrea/pmb2_public_ws/devel/lib/python2.7/dist-packages/pal_common_msgs/msg/_DisableActionResult.py)
Linked: (/home/andrea/pmb2_public_ws/devel/.private/pal_common_msgs/lib/python2.7/dist-packages/pal_common_msgs/msg/_DisableGoal.py, /home/andrea/pmb2_public_ws/devel/lib/python2.7/dist-packages/pal_common_msgs/msg/_DisableGoal.py)
Linked: (/home/andrea/pmb2_public_ws/devel/.private/pal_common_msgs/lib/python2.7/dist-packages/pal_common_msgs/msg/_EmptyGoal.py, /home/andrea/pmb2_public_ws/devel/lib/python2.7/dist-packages/pal_common_msgs/msg/_EmptyGoal.py)
Linked: (/home/andrea/pmb2_public_ws/devel/.private/pal_common_msgs/lib/python2.7/dist-packages/pal_common_msgs/msg/_DisableAction.py, /home/andrea/pmb2_public_ws/devel/lib/python2.7/dist-packages/pal_common_msgs/msg/_DisableAction.py)
Linked: (/home/andrea/pmb2_public_ws/devel/.private/pal_common_msgs/lib/python2.7/dist-packages/pal_common_msgs/msg/_DisableActionFeedback.py, /home/andrea/pmb2_public_ws/devel/lib/python2.7/dist-packages/pal_common_msgs/msg/_DisableActionFeedback.py)
Linked: (/home/andrea/pmb2_public_ws/devel/.private/pal_common_msgs/lib/python2.7/dist-packages/pal_common_msgs/msg/__init__.py, /home/andrea/pmb2_public_ws/devel/lib/python2.7/dist-packages/pal_common_msgs/msg/__init__.py)
Linked: (/home/andrea/pmb2_public_ws/devel/.private/pal_common_msgs/lib/python2.7/dist-packages/pal_common_msgs/msg/_EmptyResult.py, /home/andrea/pmb2_public_ws/devel/lib/python2.7/dist-packages/pal_common_msgs/msg/_EmptyResult.py)
Linked: (/home/andrea/pmb2_public_ws/devel/.private/pal_common_msgs/lib/python2.7/dist-packages/pal_common_msgs/msg/_EmptyActionFeedback.py, /home/andrea/pmb2_public_ws/devel/lib/python2.7/dist-packages/pal_common_msgs/msg/_EmptyActionFeedback.py)
Linked: (/home/andrea/pmb2_public_ws/devel/.private/pal_common_msgs/lib/python2.7/dist-packages/pal_common_msgs/msg/_EmptyAction.py, /home/andrea/pmb2_public_ws/devel/lib/python2.7/dist-packages/pal_common_msgs/msg/_EmptyAction.py)
Linked: (/home/andrea/pmb2_public_ws/devel/.private/pal_common_msgs/lib/python2.7/dist-packages/pal_common_msgs/msg/_EmptyActionGoal.py, /home/andrea/pmb2_public_ws/devel/lib/python2.7/dist-packages/pal_common_msgs/msg/_EmptyActionGoal.py)
Linked: (/home/andrea/pmb2_public_ws/devel/.private/pal_common_msgs/lib/python2.7/dist-packages/pal_common_msgs/msg/_DisableResult.py, /home/andrea/pmb2_public_ws/devel/lib/python2.7/dist-packages/pal_common_msgs/msg/_DisableResult.py)
Linked: (/home/andrea/pmb2_public_ws/devel/.private/pal_common_msgs/lib/python2.7/dist-packages/pal_common_msgs/msg/_DisableFeedback.py, /home/andrea/pmb2_public_ws/devel/lib/python2.7/dist-packages/pal_common_msgs/msg/_DisableFeedback.py)
Linked: (/home/andrea/pmb2_public_ws/devel/.private/pal_common_msgs/lib/python2.7/dist-packages/pal_common_msgs/msg/_DisableActionGoal.py, /home/andrea/pmb2_public_ws/devel/lib/python2.7/dist-packages/pal_common_msgs/msg/_DisableActionGoal.py)
Linked: (/home/andrea/pmb2_public_ws/devel/.private/pal_common_msgs/lib/python2.7/dist-packages/pal_common_msgs/srv/_SetString.py, /home/andrea/pmb2_public_ws/devel/lib/python2.7/dist-packages/pal_common_msgs/srv/_SetString.py)
Linked: (/home/andrea/pmb2_public_ws/devel/.private/pal_common_msgs/lib/python2.7/dist-packages/pal_common_msgs/srv/__init__.py, /home/andrea/pmb2_public_ws/devel/lib/python2.7/dist-packages/pal_common_msgs/srv/__init__.py)
Linked: (/home/andrea/pmb2_public_ws/devel/.private/pal_common_msgs/lib/python2.7/dist-packages/pal_common_msgs/srv/_GetString.py, /home/andrea/pmb2_public_ws/devel/lib/python2.7/dist-packages/pal_common_msgs/srv/_GetString.py)
Linked: (/home/andrea/pmb2_public_ws/devel/.private/pal_common_msgs/lib/pkgconfig/pal_common_msgs.pc, /home/andrea/pmb2_public_ws/devel/lib/pkgconfig/pal_common_msgs.pc)
Linked: (/home/andrea/pmb2_public_ws/devel/.private/pal_common_msgs/share/gennodejs/ros/pal_common_msgs/_index.js, /home/andrea/pmb2_public_ws/devel/share/gennodejs/ros/pal_common_msgs/_index.js)
Linked: (/home/andrea/pmb2_public_ws/devel/.private/pal_common_msgs/share/gennodejs/ros/pal_common_msgs/msg/DisableFeedback.js, /home/andrea/pmb2_public_ws/devel/share/gennodejs/ros/pal_common_msgs/msg/DisableFeedback.js)
Linked: (/home/andrea/pmb2_public_ws/devel/.private/pal_common_msgs/share/gennodejs/ros/pal_common_msgs/msg/EmptyActionGoal.js, /home/andrea/pmb2_public_ws/devel/share/gennodejs/ros/pal_common_msgs/msg/EmptyActionGoal.js)
Linked: (/home/andrea/pmb2_public_ws/devel/.private/pal_common_msgs/share/gennodejs/ros/pal_common_msgs/msg/EmptyActionFeedback.js, /home/andrea/pmb2_public_ws/devel/share/gennodejs/ros/pal_common_msgs/msg/EmptyActionFeedback.js)
Linked: (/home/andrea/pmb2_public_ws/devel/.private/pal_common_msgs/share/gennodejs/ros/pal_common_msgs/msg/EmptyResult.js, /home/andrea/pmb2_public_ws/devel/share/gennodejs/ros/pal_common_msgs/msg/EmptyResult.js)
Linked: (/home/andrea/pmb2_public_ws/devel/.private/pal_common_msgs/share/gennodejs/ros/pal_common_msgs/msg/EmptyFeedback.js, /home/andrea/pmb2_public_ws/devel/share/gennodejs/ros/pal_common_msgs/msg/EmptyFeedback.js)
Linked: (/home/andrea/pmb2_public_ws/devel/.private/pal_common_msgs/share/gennodejs/ros/pal_common_msgs/msg/DisableActionFeedback.js, /home/andrea/pmb2_public_ws/devel/share/gennodejs/ros/pal_common_msgs/msg/DisableActionFeedback.js)
Linked: (/home/andrea/pmb2_public_ws/devel/.private/pal_common_msgs/share/gennodejs/ros/pal_common_msgs/msg/DisableActionResult.js, /home/andrea/pmb2_public_ws/devel/share/gennodejs/ros/pal_common_msgs/msg/DisableActionResult.js)
Linked: (/home/andrea/pmb2_public_ws/devel/.private/pal_common_msgs/share/gennodejs/ros/pal_common_msgs/msg/EmptyAction.js, /home/andrea/pmb2_public_ws/devel/share/gennodejs/ros/pal_common_msgs/msg/EmptyAction.js)
Linked: (/home/andrea/pmb2_public_ws/devel/.private/pal_common_msgs/share/gennodejs/ros/pal_common_msgs/msg/DisableResult.js, /home/andrea/pmb2_public_ws/devel/share/gennodejs/ros/pal_common_msgs/msg/DisableResult.js)
Linked: (/home/andrea/pmb2_public_ws/devel/.private/pal_common_msgs/share/gennodejs/ros/pal_common_msgs/msg/JointCurrent.js, /home/andrea/pmb2_public_ws/devel/share/gennodejs/ros/pal_common_msgs/msg/JointCurrent.js)
Linked: (/home/andrea/pmb2_public_ws/devel/.private/pal_common_msgs/share/gennodejs/ros/pal_common_msgs/msg/DisableGoal.js, /home/andrea/pmb2_public_ws/devel/share/gennodejs/ros/pal_common_msgs/msg/DisableGoal.js)
Linked: (/home/andrea/pmb2_public_ws/devel/.private/pal_common_msgs/share/gennodejs/ros/pal_common_msgs/msg/_index.js, /home/andrea/pmb2_public_ws/devel/share/gennodejs/ros/pal_common_msgs/msg/_index.js)
Linked: (/home/andrea/pmb2_public_ws/devel/.private/pal_common_msgs/share/gennodejs/ros/pal_common_msgs/msg/EmptyGoal.js, /home/andrea/pmb2_public_ws/devel/share/gennodejs/ros/pal_common_msgs/msg/EmptyGoal.js)
Linked: (/home/andrea/pmb2_public_ws/devel/.private/pal_common_msgs/share/gennodejs/ros/pal_common_msgs/msg/DisableAction.js, /home/andrea/pmb2_public_ws/devel/share/gennodejs/ros/pal_common_msgs/msg/DisableAction.js)
Linked: (/home/andrea/pmb2_public_ws/devel/.private/pal_common_msgs/share/gennodejs/ros/pal_common_msgs/msg/EmptyActionResult.js, /home/andrea/pmb2_public_ws/devel/share/gennodejs/ros/pal_common_msgs/msg/EmptyActionResult.js)
Linked: (/home/andrea/pmb2_public_ws/devel/.private/pal_common_msgs/share/gennodejs/ros/pal_common_msgs/msg/DisableActionGoal.js, /home/andrea/pmb2_public_ws/devel/share/gennodejs/ros/pal_common_msgs/msg/DisableActionGoal.js)
Linked: (/home/andrea/pmb2_public_ws/devel/.private/pal_common_msgs/share/gennodejs/ros/pal_common_msgs/srv/SetString.js, /home/andrea/pmb2_public_ws/devel/share/gennodejs/ros/pal_common_msgs/srv/SetString.js)
Linked: (/home/andrea/pmb2_public_ws/devel/.private/pal_common_msgs/share/gennodejs/ros/pal_common_msgs/srv/GetString.js, /home/andrea/pmb2_public_ws/devel/share/gennodejs/ros/pal_common_msgs/srv/GetString.js)
Linked: (/home/andrea/pmb2_public_ws/devel/.private/pal_common_msgs/share/gennodejs/ros/pal_common_msgs/srv/_index.js, /home/andrea/pmb2_public_ws/devel/share/gennodejs/ros/pal_common_msgs/srv/_index.js)
Linked: (/home/andrea/pmb2_public_ws/devel/.private/pal_common_msgs/share/roseus/ros/pal_common_msgs/manifest.l, /home/andrea/pmb2_public_ws/devel/share/roseus/ros/pal_common_msgs/manifest.l)
Linked: (/home/andrea/pmb2_public_ws/devel/.private/pal_common_msgs/share/roseus/ros/pal_common_msgs/msg/DisableAction.l, /home/andrea/pmb2_public_ws/devel/share/roseus/ros/pal_common_msgs/msg/DisableAction.l)
Linked: (/home/andrea/pmb2_public_ws/devel/.private/pal_common_msgs/share/roseus/ros/pal_common_msgs/msg/EmptyFeedback.l, /home/andrea/pmb2_public_ws/devel/share/roseus/ros/pal_common_msgs/msg/EmptyFeedback.l)
Linked: (/home/andrea/pmb2_public_ws/devel/.private/pal_common_msgs/share/roseus/ros/pal_common_msgs/msg/EmptyAction.l, /home/andrea/pmb2_public_ws/devel/share/roseus/ros/pal_common_msgs/msg/EmptyAction.l)
Linked: (/home/andrea/pmb2_public_ws/devel/.private/pal_common_msgs/share/roseus/ros/pal_common_msgs/msg/EmptyGoal.l, /home/andrea/pmb2_public_ws/devel/share/roseus/ros/pal_common_msgs/msg/EmptyGoal.l)
Linked: (/home/andrea/pmb2_public_ws/devel/.private/pal_common_msgs/share/roseus/ros/pal_common_msgs/msg/JointCurrent.l, /home/andrea/pmb2_public_ws/devel/share/roseus/ros/pal_common_msgs/msg/JointCurrent.l)
Linked: (/home/andrea/pmb2_public_ws/devel/.private/pal_common_msgs/share/roseus/ros/pal_common_msgs/msg/EmptyActionGoal.l, /home/andrea/pmb2_public_ws/devel/share/roseus/ros/pal_common_msgs/msg/EmptyActionGoal.l)
Linked: (/home/andrea/pmb2_public_ws/devel/.private/pal_common_msgs/share/roseus/ros/pal_common_msgs/msg/DisableFeedback.l, /home/andrea/pmb2_public_ws/devel/share/roseus/ros/pal_common_msgs/msg/DisableFeedback.l)
Linked: (/home/andrea/pmb2_public_ws/devel/.private/pal_common_msgs/share/roseus/ros/pal_common_msgs/msg/EmptyActionFeedback.l, /home/andrea/pmb2_public_ws/devel/share/roseus/ros/pal_common_msgs/msg/EmptyActionFeedback.l)
Linked: (/home/andrea/pmb2_public_ws/devel/.private/pal_common_msgs/share/roseus/ros/pal_common_msgs/msg/DisableActionResult.l, /home/andrea/pmb2_public_ws/devel/share/roseus/ros/pal_common_msgs/msg/DisableActionResult.l)
Linked: (/home/andrea/pmb2_public_ws/devel/.private/pal_common_msgs/share/roseus/ros/pal_common_msgs/msg/DisableResult.l, /home/andrea/pmb2_public_ws/devel/share/roseus/ros/pal_common_msgs/msg/DisableResult.l)
Linked: (/home/andrea/pmb2_public_ws/devel/.private/pal_common_msgs/share/roseus/ros/pal_common_msgs/msg/DisableGoal.l, /home/andrea/pmb2_public_ws/devel/share/roseus/ros/pal_common_msgs/msg/DisableGoal.l)
Linked: (/home/andrea/pmb2_public_ws/devel/.private/pal_common_msgs/share/roseus/ros/pal_common_msgs/msg/EmptyResult.l, /home/andrea/pmb2_public_ws/devel/share/roseus/ros/pal_common_msgs/msg/EmptyResult.l)
Linked: (/home/andrea/pmb2_public_ws/devel/.private/pal_common_msgs/share/roseus/ros/pal_common_msgs/msg/DisableActionFeedback.l, /home/andrea/pmb2_public_ws/devel/share/roseus/ros/pal_common_msgs/msg/DisableActionFeedback.l)
Linked: (/home/andrea/pmb2_public_ws/devel/.private/pal_common_msgs/share/roseus/ros/pal_common_msgs/msg/EmptyActionResult.l, /home/andrea/pmb2_public_ws/devel/share/roseus/ros/pal_common_msgs/msg/EmptyActionResult.l)
Linked: (/home/andrea/pmb2_public_ws/devel/.private/pal_common_msgs/share/roseus/ros/pal_common_msgs/msg/DisableActionGoal.l, /home/andrea/pmb2_public_ws/devel/share/roseus/ros/pal_common_msgs/msg/DisableActionGoal.l)
Linked: (/home/andrea/pmb2_public_ws/devel/.private/pal_common_msgs/share/roseus/ros/pal_common_msgs/srv/GetString.l, /home/andrea/pmb2_public_ws/devel/share/roseus/ros/pal_common_msgs/srv/GetString.l)
Linked: (/home/andrea/pmb2_public_ws/devel/.private/pal_common_msgs/share/roseus/ros/pal_common_msgs/srv/SetString.l, /home/andrea/pmb2_public_ws/devel/share/roseus/ros/pal_common_msgs/srv/SetString.l)
Linked: (/home/andrea/pmb2_public_ws/devel/.private/pal_common_msgs/share/common-lisp/ros/pal_common_msgs/msg/_package_DisableResult.lisp, /home/andrea/pmb2_public_ws/devel/share/common-lisp/ros/pal_common_msgs/msg/_package_DisableResult.lisp)
Linked: (/home/andrea/pmb2_public_ws/devel/.private/pal_common_msgs/share/common-lisp/ros/pal_common_msgs/msg/DisableAction.lisp, /home/andrea/pmb2_public_ws/devel/share/common-lisp/ros/pal_common_msgs/msg/DisableAction.lisp)
Linked: (/home/andrea/pmb2_public_ws/devel/.private/pal_common_msgs/share/common-lisp/ros/pal_common_msgs/msg/_package_EmptyFeedback.lisp, /home/andrea/pmb2_public_ws/devel/share/common-lisp/ros/pal_common_msgs/msg/_package_EmptyFeedback.lisp)
Linked: (/home/andrea/pmb2_public_ws/devel/.private/pal_common_msgs/share/common-lisp/ros/pal_common_msgs/msg/_package_EmptyActionResult.lisp, /home/andrea/pmb2_public_ws/devel/share/common-lisp/ros/pal_common_msgs/msg/_package_EmptyActionResult.lisp)
Linked: (/home/andrea/pmb2_public_ws/devel/.private/pal_common_msgs/share/common-lisp/ros/pal_common_msgs/msg/DisableActionFeedback.lisp, /home/andrea/pmb2_public_ws/devel/share/common-lisp/ros/pal_common_msgs/msg/DisableActionFeedback.lisp)
Linked: (/home/andrea/pmb2_public_ws/devel/.private/pal_common_msgs/share/common-lisp/ros/pal_common_msgs/msg/_package_EmptyAction.lisp, /home/andrea/pmb2_public_ws/devel/share/common-lisp/ros/pal_common_msgs/msg/_package_EmptyAction.lisp)
Linked: (/home/andrea/pmb2_public_ws/devel/.private/pal_common_msgs/share/common-lisp/ros/pal_common_msgs/msg/_package_DisableFeedback.lisp, /home/andrea/pmb2_public_ws/devel/share/common-lisp/ros/pal_common_msgs/msg/_package_DisableFeedback.lisp)
Linked: (/home/andrea/pmb2_public_ws/devel/.private/pal_common_msgs/share/common-lisp/ros/pal_common_msgs/msg/JointCurrent.lisp, /home/andrea/pmb2_public_ws/devel/share/common-lisp/ros/pal_common_msgs/msg/JointCurrent.lisp)
Linked: (/home/andrea/pmb2_public_ws/devel/.private/pal_common_msgs/share/common-lisp/ros/pal_common_msgs/msg/EmptyFeedback.lisp, /home/andrea/pmb2_public_ws/devel/share/common-lisp/ros/pal_common_msgs/msg/EmptyFeedback.lisp)
Linked: (/home/andrea/pmb2_public_ws/devel/.private/pal_common_msgs/share/common-lisp/ros/pal_common_msgs/msg/DisableFeedback.lisp, /home/andrea/pmb2_public_ws/devel/share/common-lisp/ros/pal_common_msgs/msg/DisableFeedback.lisp)
Linked: (/home/andrea/pmb2_public_ws/devel/.private/pal_common_msgs/share/common-lisp/ros/pal_common_msgs/msg/_package_EmptyResult.lisp, /home/andrea/pmb2_public_ws/devel/share/common-lisp/ros/pal_common_msgs/msg/_package_EmptyResult.lisp)
Linked: (/home/andrea/pmb2_public_ws/devel/.private/pal_common_msgs/share/common-lisp/ros/pal_common_msgs/msg/DisableActionResult.lisp, /home/andrea/pmb2_public_ws/devel/share/common-lisp/ros/pal_common_msgs/msg/DisableActionResult.lisp)
Linked: (/home/andrea/pmb2_public_ws/devel/.private/pal_common_msgs/share/common-lisp/ros/pal_common_msgs/msg/EmptyActionResult.lisp, /home/andrea/pmb2_public_ws/devel/share/common-lisp/ros/pal_common_msgs/msg/EmptyActionResult.lisp)
Linked: (/home/andrea/pmb2_public_ws/devel/.private/pal_common_msgs/share/common-lisp/ros/pal_common_msgs/msg/EmptyActionGoal.lisp, /home/andrea/pmb2_public_ws/devel/share/common-lisp/ros/pal_common_msgs/msg/EmptyActionGoal.lisp)
Linked: (/home/andrea/pmb2_public_ws/devel/.private/pal_common_msgs/share/common-lisp/ros/pal_common_msgs/msg/_package_DisableActionFeedback.lisp, /home/andrea/pmb2_public_ws/devel/share/common-lisp/ros/pal_common_msgs/msg/_package_DisableActionFeedback.lisp)
Linked: (/home/andrea/pmb2_public_ws/devel/.private/pal_common_msgs/share/common-lisp/ros/pal_common_msgs/msg/_package_DisableGoal.lisp, /home/andrea/pmb2_public_ws/devel/share/common-lisp/ros/pal_common_msgs/msg/_package_DisableGoal.lisp)
Linked: (/home/andrea/pmb2_public_ws/devel/.private/pal_common_msgs/share/common-lisp/ros/pal_common_msgs/msg/DisableActionGoal.lisp, /home/andrea/pmb2_public_ws/devel/share/common-lisp/ros/pal_common_msgs/msg/DisableActionGoal.lisp)
Linked: (/home/andrea/pmb2_public_ws/devel/.private/pal_common_msgs/share/common-lisp/ros/pal_common_msgs/msg/DisableGoal.lisp, /home/andrea/pmb2_public_ws/devel/share/common-lisp/ros/pal_common_msgs/msg/DisableGoal.lisp)
Linked: (/home/andrea/pmb2_public_ws/devel/.private/pal_common_msgs/share/common-lisp/ros/pal_common_msgs/msg/_package_EmptyActionFeedback.lisp, /home/andrea/pmb2_public_ws/devel/share/common-lisp/ros/pal_common_msgs/msg/_package_EmptyActionFeedback.lisp)
Linked: (/home/andrea/pmb2_public_ws/devel/.private/pal_common_msgs/share/common-lisp/ros/pal_common_msgs/msg/_package.lisp, /home/andrea/pmb2_public_ws/devel/share/common-lisp/ros/pal_common_msgs/msg/_package.lisp)
Linked: (/home/andrea/pmb2_public_ws/devel/.private/pal_common_msgs/share/common-lisp/ros/pal_common_msgs/msg/EmptyAction.lisp, /home/andrea/pmb2_public_ws/devel/share/common-lisp/ros/pal_common_msgs/msg/EmptyAction.lisp)
Linked: (/home/andrea/pmb2_public_ws/devel/.private/pal_common_msgs/share/common-lisp/ros/pal_common_msgs/msg/_package_DisableActionGoal.lisp, /home/andrea/pmb2_public_ws/devel/share/common-lisp/ros/pal_common_msgs/msg/_package_DisableActionGoal.lisp)
Linked: (/home/andrea/pmb2_public_ws/devel/.private/pal_common_msgs/share/common-lisp/ros/pal_common_msgs/msg/_package_EmptyActionGoal.lisp, /home/andrea/pmb2_public_ws/devel/share/common-lisp/ros/pal_common_msgs/msg/_package_EmptyActionGoal.lisp)
Linked: (/home/andrea/pmb2_public_ws/devel/.private/pal_common_msgs/share/common-lisp/ros/pal_common_msgs/msg/EmptyActionFeedback.lisp, /home/andrea/pmb2_public_ws/devel/share/common-lisp/ros/pal_common_msgs/msg/EmptyActionFeedback.lisp)
Linked: (/home/andrea/pmb2_public_ws/devel/.private/pal_common_msgs/share/common-lisp/ros/pal_common_msgs/msg/_package_DisableActionResult.lisp, /home/andrea/pmb2_public_ws/devel/share/common-lisp/ros/pal_common_msgs/msg/_package_DisableActionResult.lisp)
Linked: (/home/andrea/pmb2_public_ws/devel/.private/pal_common_msgs/share/common-lisp/ros/pal_common_msgs/msg/EmptyResult.lisp, /home/andrea/pmb2_public_ws/devel/share/common-lisp/ros/pal_common_msgs/msg/EmptyResult.lisp)
Linked: (/home/andrea/pmb2_public_ws/devel/.private/pal_common_msgs/share/common-lisp/ros/pal_common_msgs/msg/_package_JointCurrent.lisp, /home/andrea/pmb2_public_ws/devel/share/common-lisp/ros/pal_common_msgs/msg/_package_JointCurrent.lisp)
Linked: (/home/andrea/pmb2_public_ws/devel/.private/pal_common_msgs/share/common-lisp/ros/pal_common_msgs/msg/_package_DisableAction.lisp, /home/andrea/pmb2_public_ws/devel/share/common-lisp/ros/pal_common_msgs/msg/_package_DisableAction.lisp)
Linked: (/home/andrea/pmb2_public_ws/devel/.private/pal_common_msgs/share/common-lisp/ros/pal_common_msgs/msg/pal_common_msgs-msg.asd, /home/andrea/pmb2_public_ws/devel/share/common-lisp/ros/pal_common_msgs/msg/pal_common_msgs-msg.asd)
Linked: (/home/andrea/pmb2_public_ws/devel/.private/pal_common_msgs/share/common-lisp/ros/pal_common_msgs/msg/EmptyGoal.lisp, /home/andrea/pmb2_public_ws/devel/share/common-lisp/ros/pal_common_msgs/msg/EmptyGoal.lisp)
Linked: (/home/andrea/pmb2_public_ws/devel/.private/pal_common_msgs/share/common-lisp/ros/pal_common_msgs/msg/_package_EmptyGoal.lisp, /home/andrea/pmb2_public_ws/devel/share/common-lisp/ros/pal_common_msgs/msg/_package_EmptyGoal.lisp)
Linked: (/home/andrea/pmb2_public_ws/devel/.private/pal_common_msgs/share/common-lisp/ros/pal_common_msgs/msg/DisableResult.lisp, /home/andrea/pmb2_public_ws/devel/share/common-lisp/ros/pal_common_msgs/msg/DisableResult.lisp)
Linked: (/home/andrea/pmb2_public_ws/devel/.private/pal_common_msgs/share/common-lisp/ros/pal_common_msgs/srv/GetString.lisp, /home/andrea/pmb2_public_ws/devel/share/common-lisp/ros/pal_common_msgs/srv/GetString.lisp)
Linked: (/home/andrea/pmb2_public_ws/devel/.private/pal_common_msgs/share/common-lisp/ros/pal_common_msgs/srv/_package_GetString.lisp, /home/andrea/pmb2_public_ws/devel/share/common-lisp/ros/pal_common_msgs/srv/_package_GetString.lisp)
Linked: (/home/andrea/pmb2_public_ws/devel/.private/pal_common_msgs/share/common-lisp/ros/pal_common_msgs/srv/_package.lisp, /home/andrea/pmb2_public_ws/devel/share/common-lisp/ros/pal_common_msgs/srv/_package.lisp)
Linked: (/home/andrea/pmb2_public_ws/devel/.private/pal_common_msgs/share/common-lisp/ros/pal_common_msgs/srv/_package_SetString.lisp, /home/andrea/pmb2_public_ws/devel/share/common-lisp/ros/pal_common_msgs/srv/_package_SetString.lisp)
Linked: (/home/andrea/pmb2_public_ws/devel/.private/pal_common_msgs/share/common-lisp/ros/pal_common_msgs/srv/SetString.lisp, /home/andrea/pmb2_public_ws/devel/share/common-lisp/ros/pal_common_msgs/srv/SetString.lisp)
Linked: (/home/andrea/pmb2_public_ws/devel/.private/pal_common_msgs/share/common-lisp/ros/pal_common_msgs/srv/pal_common_msgs-srv.asd, /home/andrea/pmb2_public_ws/devel/share/common-lisp/ros/pal_common_msgs/srv/pal_common_msgs-srv.asd)
Linked: (/home/andrea/pmb2_public_ws/devel/.private/pal_common_msgs/share/pal_common_msgs/msg/DisableActionFeedback.msg, /home/andrea/pmb2_public_ws/devel/share/pal_common_msgs/msg/DisableActionFeedback.msg)
Linked: (/home/andrea/pmb2_public_ws/devel/.private/pal_common_msgs/share/pal_common_msgs/msg/DisableGoal.msg, /home/andrea/pmb2_public_ws/devel/share/pal_common_msgs/msg/DisableGoal.msg)
Linked: (/home/andrea/pmb2_public_ws/devel/.private/pal_common_msgs/share/pal_common_msgs/msg/EmptyActionFeedback.msg, /home/andrea/pmb2_public_ws/devel/share/pal_common_msgs/msg/EmptyActionFeedback.msg)
Linked: (/home/andrea/pmb2_public_ws/devel/.private/pal_common_msgs/share/pal_common_msgs/msg/EmptyActionResult.msg, /home/andrea/pmb2_public_ws/devel/share/pal_common_msgs/msg/EmptyActionResult.msg)
Linked: (/home/andrea/pmb2_public_ws/devel/.private/pal_common_msgs/share/pal_common_msgs/msg/DisableResult.msg, /home/andrea/pmb2_public_ws/devel/share/pal_common_msgs/msg/DisableResult.msg)
Linked: (/home/andrea/pmb2_public_ws/devel/.private/pal_common_msgs/share/pal_common_msgs/msg/DisableActionGoal.msg, /home/andrea/pmb2_public_ws/devel/share/pal_common_msgs/msg/DisableActionGoal.msg)
Linked: (/home/andrea/pmb2_public_ws/devel/.private/pal_common_msgs/share/pal_common_msgs/msg/DisableActionResult.msg, /home/andrea/pmb2_public_ws/devel/share/pal_common_msgs/msg/DisableActionResult.msg)
Linked: (/home/andrea/pmb2_public_ws/devel/.private/pal_common_msgs/share/pal_common_msgs/msg/EmptyGoal.msg, /home/andrea/pmb2_public_ws/devel/share/pal_common_msgs/msg/EmptyGoal.msg)
Linked: (/home/andrea/pmb2_public_ws/devel/.private/pal_common_msgs/share/pal_common_msgs/msg/DisableFeedback.msg, /home/andrea/pmb2_public_ws/devel/share/pal_common_msgs/msg/DisableFeedback.msg)
Linked: (/home/andrea/pmb2_public_ws/devel/.private/pal_common_msgs/share/pal_common_msgs/msg/EmptyAction.msg, /home/andrea/pmb2_public_ws/devel/share/pal_common_msgs/msg/EmptyAction.msg)
Linked: (/home/andrea/pmb2_public_ws/devel/.private/pal_common_msgs/share/pal_common_msgs/msg/EmptyFeedback.msg, /home/andrea/pmb2_public_ws/devel/share/pal_common_msgs/msg/EmptyFeedback.msg)
Linked: (/home/andrea/pmb2_public_ws/devel/.private/pal_common_msgs/share/pal_common_msgs/msg/EmptyActionGoal.msg, /home/andrea/pmb2_public_ws/devel/share/pal_common_msgs/msg/EmptyActionGoal.msg)
Linked: (/home/andrea/pmb2_public_ws/devel/.private/pal_common_msgs/share/pal_common_msgs/msg/EmptyResult.msg, /home/andrea/pmb2_public_ws/devel/share/pal_common_msgs/msg/EmptyResult.msg)
Linked: (/home/andrea/pmb2_public_ws/devel/.private/pal_common_msgs/share/pal_common_msgs/msg/DisableAction.msg, /home/andrea/pmb2_public_ws/devel/share/pal_common_msgs/msg/DisableAction.msg)
Linked: (/home/andrea/pmb2_public_ws/devel/.private/pal_common_msgs/share/pal_common_msgs/cmake/pal_common_msgs-msg-paths.cmake, /home/andrea/pmb2_public_ws/devel/share/pal_common_msgs/cmake/pal_common_msgs-msg-paths.cmake)
Linked: (/home/andrea/pmb2_public_ws/devel/.private/pal_common_msgs/share/pal_common_msgs/cmake/pal_common_msgs-msg-extras.cmake, /home/andrea/pmb2_public_ws/devel/share/pal_common_msgs/cmake/pal_common_msgs-msg-extras.cmake)
Linked: (/home/andrea/pmb2_public_ws/devel/.private/pal_common_msgs/share/pal_common_msgs/cmake/pal_common_msgsConfig-version.cmake, /home/andrea/pmb2_public_ws/devel/share/pal_common_msgs/cmake/pal_common_msgsConfig-version.cmake)
Linked: (/home/andrea/pmb2_public_ws/devel/.private/pal_common_msgs/share/pal_common_msgs/cmake/pal_common_msgsConfig.cmake, /home/andrea/pmb2_public_ws/devel/share/pal_common_msgs/cmake/pal_common_msgsConfig.cmake)
