Determining if the pthread_create exist failed with the following output:
Change Dir: /home/andrea/pmb2_public_ws/build/gazebo_ros_control/CMakeFiles/CMakeTmp

Run Build Command:"/usr/bin/make" "cmTC_d26ec/fast"
/usr/bin/make -f CMakeFiles/cmTC_d26ec.dir/build.make CMakeFiles/cmTC_d26ec.dir/build
make[1]: Entering directory '/home/andrea/pmb2_public_ws/build/gazebo_ros_control/CMakeFiles/CMakeTmp'
Building C object CMakeFiles/cmTC_d26ec.dir/CheckSymbolExists.c.o
/usr/bin/cc    -o CMakeFiles/cmTC_d26ec.dir/CheckSymbolExists.c.o   -c /home/andrea/pmb2_public_ws/build/gazebo_ros_control/CMakeFiles/CMakeTmp/CheckSymbolExists.c
Linking C executable cmTC_d26ec
/usr/bin/cmake -E cmake_link_script CMakeFiles/cmTC_d26ec.dir/link.txt --verbose=1
/usr/bin/cc      -rdynamic CMakeFiles/cmTC_d26ec.dir/CheckSymbolExists.c.o  -o cmTC_d26ec 
CMakeFiles/cmTC_d26ec.dir/CheckSymbolExists.c.o: In function `main':
CheckSymbolExists.c:(.text+0x1b): undefined reference to `pthread_create'
collect2: error: ld returned 1 exit status
CMakeFiles/cmTC_d26ec.dir/build.make:97: recipe for target 'cmTC_d26ec' failed
make[1]: *** [cmTC_d26ec] Error 1
make[1]: Leaving directory '/home/andrea/pmb2_public_ws/build/gazebo_ros_control/CMakeFiles/CMakeTmp'
Makefile:126: recipe for target 'cmTC_d26ec/fast' failed
make: *** [cmTC_d26ec/fast] Error 2

File /home/andrea/pmb2_public_ws/build/gazebo_ros_control/CMakeFiles/CMakeTmp/CheckSymbolExists.c:
/* */
#include <pthread.h>

int main(int argc, char** argv)
{
  (void)argv;
#ifndef pthread_create
  return ((int*)(&pthread_create))[argc];
#else
  (void)argc;
  return 0;
#endif
}

Determining if the function pthread_create exists in the pthreads failed with the following output:
Change Dir: /home/andrea/pmb2_public_ws/build/gazebo_ros_control/CMakeFiles/CMakeTmp

Run Build Command:"/usr/bin/make" "cmTC_297a9/fast"
/usr/bin/make -f CMakeFiles/cmTC_297a9.dir/build.make CMakeFiles/cmTC_297a9.dir/build
make[1]: Entering directory '/home/andrea/pmb2_public_ws/build/gazebo_ros_control/CMakeFiles/CMakeTmp'
Building C object CMakeFiles/cmTC_297a9.dir/CheckFunctionExists.c.o
/usr/bin/cc   -DCHECK_FUNCTION_EXISTS=pthread_create   -o CMakeFiles/cmTC_297a9.dir/CheckFunctionExists.c.o   -c /usr/share/cmake-3.10/Modules/CheckFunctionExists.c
Linking C executable cmTC_297a9
/usr/bin/cmake -E cmake_link_script CMakeFiles/cmTC_297a9.dir/link.txt --verbose=1
/usr/bin/cc  -DCHECK_FUNCTION_EXISTS=pthread_create    -rdynamic CMakeFiles/cmTC_297a9.dir/CheckFunctionExists.c.o  -o cmTC_297a9 -lpthreads 
/usr/bin/ld: cannot find -lpthreads
collect2: error: ld returned 1 exit status
CMakeFiles/cmTC_297a9.dir/build.make:97: recipe for target 'cmTC_297a9' failed
make[1]: *** [cmTC_297a9] Error 1
make[1]: Leaving directory '/home/andrea/pmb2_public_ws/build/gazebo_ros_control/CMakeFiles/CMakeTmp'
Makefile:126: recipe for target 'cmTC_297a9/fast' failed
make: *** [cmTC_297a9/fast] Error 2


