Symlinking /home/andrea/pedsim_ros/devel/include/pedsim_srvs/SetAllAgentsState.h
Symlinking /home/andrea/pedsim_ros/devel/include/pedsim_srvs/SetAllAgentsStateResponse.h
Symlinking /home/andrea/pedsim_ros/devel/include/pedsim_srvs/GetAgentStateRequest.h
Symlinking /home/andrea/pedsim_ros/devel/include/pedsim_srvs/GetAllAgentsStateResponse.h
Symlinking /home/andrea/pedsim_ros/devel/include/pedsim_srvs/GetAgentStateResponse.h
Symlinking /home/andrea/pedsim_ros/devel/include/pedsim_srvs/SetAllAgentsStateRequest.h
Symlinking /home/andrea/pedsim_ros/devel/include/pedsim_srvs/GetAllAgentsState.h
Symlinking /home/andrea/pedsim_ros/devel/include/pedsim_srvs/GetAgentState.h
Symlinking /home/andrea/pedsim_ros/devel/include/pedsim_srvs/SetAgentStateRequest.h
Symlinking /home/andrea/pedsim_ros/devel/include/pedsim_srvs/SetAgentStateResponse.h
Symlinking /home/andrea/pedsim_ros/devel/include/pedsim_srvs/GetAllAgentsStateRequest.h
Symlinking /home/andrea/pedsim_ros/devel/include/pedsim_srvs/SetAgentState.h
Symlinking /home/andrea/pedsim_ros/devel/lib/python2.7/dist-packages/pedsim_srvs/__init__.py
Symlinking /home/andrea/pedsim_ros/devel/lib/python2.7/dist-packages/pedsim_srvs/srv/_SetAllAgentsState.py
Symlinking /home/andrea/pedsim_ros/devel/lib/python2.7/dist-packages/pedsim_srvs/srv/_SetAgentState.py
Symlinking /home/andrea/pedsim_ros/devel/lib/python2.7/dist-packages/pedsim_srvs/srv/_GetAgentState.py
Symlinking /home/andrea/pedsim_ros/devel/lib/python2.7/dist-packages/pedsim_srvs/srv/__init__.py
Symlinking /home/andrea/pedsim_ros/devel/lib/python2.7/dist-packages/pedsim_srvs/srv/_GetAllAgentsState.py
Symlinking /home/andrea/pedsim_ros/devel/lib/pkgconfig/pedsim_srvs.pc
Symlinking /home/andrea/pedsim_ros/devel/share/pedsim_srvs/cmake/pedsim_srvs-msg-extras.cmake
Symlinking /home/andrea/pedsim_ros/devel/share/pedsim_srvs/cmake/pedsim_srvs-msg-paths.cmake
Symlinking /home/andrea/pedsim_ros/devel/share/pedsim_srvs/cmake/pedsim_srvsConfig-version.cmake
Symlinking /home/andrea/pedsim_ros/devel/share/pedsim_srvs/cmake/pedsim_srvsConfig.cmake
Symlinking /home/andrea/pedsim_ros/devel/share/gennodejs/ros/pedsim_srvs/_index.js
Symlinking /home/andrea/pedsim_ros/devel/share/gennodejs/ros/pedsim_srvs/srv/SetAllAgentsState.js
Symlinking /home/andrea/pedsim_ros/devel/share/gennodejs/ros/pedsim_srvs/srv/GetAgentState.js
Symlinking /home/andrea/pedsim_ros/devel/share/gennodejs/ros/pedsim_srvs/srv/_index.js
Symlinking /home/andrea/pedsim_ros/devel/share/gennodejs/ros/pedsim_srvs/srv/GetAllAgentsState.js
Symlinking /home/andrea/pedsim_ros/devel/share/gennodejs/ros/pedsim_srvs/srv/SetAgentState.js
Symlinking /home/andrea/pedsim_ros/devel/share/roseus/ros/pedsim_srvs/manifest.l
Symlinking /home/andrea/pedsim_ros/devel/share/roseus/ros/pedsim_srvs/srv/GetAgentState.l
Symlinking /home/andrea/pedsim_ros/devel/share/roseus/ros/pedsim_srvs/srv/SetAllAgentsState.l
Symlinking /home/andrea/pedsim_ros/devel/share/roseus/ros/pedsim_srvs/srv/SetAgentState.l
Symlinking /home/andrea/pedsim_ros/devel/share/roseus/ros/pedsim_srvs/srv/GetAllAgentsState.l
Symlinking /home/andrea/pedsim_ros/devel/share/common-lisp/ros/pedsim_srvs/srv/GetAllAgentsState.lisp
Symlinking /home/andrea/pedsim_ros/devel/share/common-lisp/ros/pedsim_srvs/srv/_package_GetAgentState.lisp
Symlinking /home/andrea/pedsim_ros/devel/share/common-lisp/ros/pedsim_srvs/srv/SetAllAgentsState.lisp
Symlinking /home/andrea/pedsim_ros/devel/share/common-lisp/ros/pedsim_srvs/srv/_package.lisp
Symlinking /home/andrea/pedsim_ros/devel/share/common-lisp/ros/pedsim_srvs/srv/_package_SetAllAgentsState.lisp
Symlinking /home/andrea/pedsim_ros/devel/share/common-lisp/ros/pedsim_srvs/srv/SetAgentState.lisp
Symlinking /home/andrea/pedsim_ros/devel/share/common-lisp/ros/pedsim_srvs/srv/_package_GetAllAgentsState.lisp
Symlinking /home/andrea/pedsim_ros/devel/share/common-lisp/ros/pedsim_srvs/srv/_package_SetAgentState.lisp
Symlinking /home/andrea/pedsim_ros/devel/share/common-lisp/ros/pedsim_srvs/srv/pedsim_srvs-srv.asd
Symlinking /home/andrea/pedsim_ros/devel/share/common-lisp/ros/pedsim_srvs/srv/GetAgentState.lisp
