[ 25%] Built target pedsim_visualizer_gencfg
[ 25%] Built target nav_msgs_generate_messages_cpp
[ 25%] Built target dynamic_reconfigure_gencfg
[ 25%] Built target dynamic_reconfigure_generate_messages_py
[ 25%] Built target dynamic_reconfigure_generate_messages_lisp
[ 25%] Built target dynamic_reconfigure_generate_messages_eus
[ 25%] Built target dynamic_reconfigure_generate_messages_nodejs
[ 25%] Built target visualization_msgs_generate_messages_py
[ 25%] Built target actionlib_msgs_generate_messages_py
[ 25%] Built target visualization_msgs_generate_messages_eus
[ 25%] Built target actionlib_msgs_generate_messages_lisp
[ 25%] Built target actionlib_msgs_generate_messages_eus
[ 25%] Built target actionlib_msgs_generate_messages_cpp
[ 25%] Built target nav_msgs_generate_messages_py
[ 25%] Built target nav_msgs_generate_messages_lisp
[ 25%] Built target nav_msgs_generate_messages_eus
[ 25%] Built target std_msgs_generate_messages_nodejs
[ 25%] Built target std_msgs_generate_messages_py
[ 25%] Built target std_msgs_generate_messages_lisp
[ 25%] Built target pedsim_msgs_generate_messages_nodejs
[ 25%] Built target sensor_msgs_generate_messages_cpp
[ 25%] Built target sensor_msgs_generate_messages_eus
[ 25%] Built target pedsim_msgs_generate_messages_cpp
[ 25%] Built target geometry_msgs_generate_messages_py
[ 25%] Built target rosgraph_msgs_generate_messages_nodejs
[ 25%] Built target rosgraph_msgs_generate_messages_py
[ 25%] Built target std_msgs_generate_messages_eus
[ 25%] Built target roscpp_generate_messages_py
[ 25%] Built target nav_msgs_generate_messages_nodejs
[ 25%] Built target actionlib_msgs_generate_messages_nodejs
[ 25%] Built target visualization_msgs_generate_messages_nodejs
[ 25%] Built target std_msgs_generate_messages_cpp
[ 25%] Built target visualization_msgs_generate_messages_lisp
[ 25%] Built target roscpp_generate_messages_lisp
[ 25%] Built target geometry_msgs_generate_messages_nodejs
[ 25%] Built target sensor_msgs_generate_messages_py
[ 25%] Built target geometry_msgs_generate_messages_lisp
[ 25%] Built target visualization_msgs_generate_messages_cpp
[ 25%] Built target geometry_msgs_generate_messages_cpp
[ 25%] Built target pedsim_msgs_generate_messages_lisp
[ 25%] Built target pedsim_msgs_generate_messages_eus
[ 25%] Built target rosgraph_msgs_generate_messages_eus
[ 25%] Built target roscpp_generate_messages_nodejs
[ 25%] Built target geometry_msgs_generate_messages_eus
[ 25%] Built target roscpp_generate_messages_eus
[ 25%] Built target dynamic_reconfigure_generate_messages_cpp
[ 25%] Built target rosgraph_msgs_generate_messages_cpp
[ 25%] Built target rosgraph_msgs_generate_messages_lisp
[ 25%] Built target pedsim_msgs_generate_messages_py
[ 25%] Built target sensor_msgs_generate_messages_lisp
[ 25%] Built target roscpp_generate_messages_cpp
[ 25%] Built target sensor_msgs_generate_messages_nodejs
[100%] Built target pedsim_visualizer_node
