[35m[1mScanning dependencies of target std_srvs_generate_messages_py[0m
[  0%] Built target std_srvs_generate_messages_py
[35m[1mScanning dependencies of target spencer_social_relation_msgs_generate_messages_py[0m
[  0%] Built target spencer_social_relation_msgs_generate_messages_py
[35m[1mScanning dependencies of target spencer_human_attribute_msgs_generate_messages_py[0m
[  0%] Built target spencer_human_attribute_msgs_generate_messages_py
[35m[1mScanning dependencies of target spencer_human_attribute_msgs_generate_messages_lisp[0m
[  0%] Built target spencer_human_attribute_msgs_generate_messages_lisp
[35m[1mScanning dependencies of target spencer_tracking_msgs_generate_messages_py[0m
[  0%] Built target spencer_tracking_msgs_generate_messages_py
[35m[1mScanning dependencies of target spencer_tracking_msgs_generate_messages_lisp[0m
[  0%] Built target spencer_tracking_msgs_generate_messages_lisp
[35m[1mScanning dependencies of target sensor_msgs_generate_messages_nodejs[0m
[  0%] Built target sensor_msgs_generate_messages_nodejs
[35m[1mScanning dependencies of target roscpp_generate_messages_cpp[0m
[  0%] Built target roscpp_generate_messages_cpp
[35m[1mScanning dependencies of target actionlib_generate_messages_cpp[0m
[  0%] Built target actionlib_generate_messages_cpp
[35m[1mScanning dependencies of target rosgraph_msgs_generate_messages_lisp[0m
[  0%] Built target rosgraph_msgs_generate_messages_lisp
[35m[1mScanning dependencies of target rosgraph_msgs_generate_messages_eus[0m
[  0%] Built target rosgraph_msgs_generate_messages_eus
[35m[1mScanning dependencies of target spencer_social_relation_msgs_generate_messages_lisp[0m
[  0%] Built target spencer_social_relation_msgs_generate_messages_lisp
[35m[1mScanning dependencies of target rosgraph_msgs_generate_messages_cpp[0m
[  0%] Built target rosgraph_msgs_generate_messages_cpp
[35m[1mScanning dependencies of target geometry_msgs_generate_messages_eus[0m
[  0%] Built target geometry_msgs_generate_messages_eus
[35m[1mScanning dependencies of target std_msgs_generate_messages_py[0m
[  0%] Built target std_msgs_generate_messages_py
[35m[1mScanning dependencies of target std_msgs_generate_messages_nodejs[0m
[  0%] Built target std_msgs_generate_messages_nodejs
[35m[1mScanning dependencies of target spencer_tracking_msgs_generate_messages_cpp[0m
[  0%] Built target spencer_tracking_msgs_generate_messages_cpp
[35m[1mScanning dependencies of target sensor_msgs_generate_messages_eus[0m
[  0%] Built target sensor_msgs_generate_messages_eus
[35m[1mScanning dependencies of target sensor_msgs_generate_messages_cpp[0m
[  0%] Built target sensor_msgs_generate_messages_cpp
[35m[1mScanning dependencies of target rosgraph_msgs_generate_messages_nodejs[0m
[  0%] Built target rosgraph_msgs_generate_messages_nodejs
[35m[1mScanning dependencies of target rviz_generate_messages_nodejs[0m
[  0%] Built target rviz_generate_messages_nodejs
[35m[1mScanning dependencies of target rviz_generate_messages_eus[0m
[  0%] Built target rviz_generate_messages_eus
[35m[1mScanning dependencies of target map_msgs_generate_messages_py[0m
[  0%] Built target map_msgs_generate_messages_py
[35m[1mScanning dependencies of target std_srvs_generate_messages_nodejs[0m
[  0%] Built target std_srvs_generate_messages_nodejs
[35m[1mScanning dependencies of target sensor_msgs_generate_messages_py[0m
[  0%] Built target sensor_msgs_generate_messages_py
[35m[1mScanning dependencies of target tf_generate_messages_py[0m
[  0%] Built target tf_generate_messages_py
[35m[1mScanning dependencies of target rviz_generate_messages_lisp[0m
[  0%] Built target rviz_generate_messages_lisp
[35m[1mScanning dependencies of target rviz_generate_messages_py[0m
[  0%] Built target rviz_generate_messages_py
[35m[1mScanning dependencies of target tf2_msgs_generate_messages_nodejs[0m
[  0%] Built target tf2_msgs_generate_messages_nodejs
[35m[1mScanning dependencies of target std_srvs_generate_messages_eus[0m
[  0%] Built target std_srvs_generate_messages_eus
[35m[1mScanning dependencies of target roscpp_generate_messages_lisp[0m
[  0%] Built target roscpp_generate_messages_lisp
[35m[1mScanning dependencies of target std_msgs_generate_messages_cpp[0m
[  0%] Built target std_msgs_generate_messages_cpp
[35m[1mScanning dependencies of target std_msgs_generate_messages_eus[0m
[  0%] Built target std_msgs_generate_messages_eus
[35m[1mScanning dependencies of target visualization_msgs_generate_messages_lisp[0m
[  0%] Built target visualization_msgs_generate_messages_lisp
[35m[1mScanning dependencies of target visualization_msgs_generate_messages_nodejs[0m
[  0%] Built target visualization_msgs_generate_messages_nodejs
[35m[1mScanning dependencies of target map_msgs_generate_messages_lisp[0m
[  0%] Built target map_msgs_generate_messages_lisp
[35m[1mScanning dependencies of target spencer_tracking_msgs_generate_messages_nodejs[0m
[  0%] Built target spencer_tracking_msgs_generate_messages_nodejs
[35m[1mScanning dependencies of target roscpp_generate_messages_nodejs[0m
[  0%] Built target roscpp_generate_messages_nodejs
[35m[1mScanning dependencies of target std_msgs_generate_messages_lisp[0m
[  0%] Built target std_msgs_generate_messages_lisp
[35m[1mScanning dependencies of target spencer_tracking_msgs_generate_messages_eus[0m
[  0%] Built target spencer_tracking_msgs_generate_messages_eus
[35m[1mScanning dependencies of target nav_msgs_generate_messages_nodejs[0m
[  0%] Built target nav_msgs_generate_messages_nodejs
[35m[1mScanning dependencies of target roscpp_generate_messages_py[0m
[  0%] Built target roscpp_generate_messages_py
[35m[1mScanning dependencies of target rviz_generate_messages_cpp[0m
[  0%] Built target rviz_generate_messages_cpp
[35m[1mScanning dependencies of target roscpp_generate_messages_eus[0m
[  0%] Built target roscpp_generate_messages_eus
[35m[1mScanning dependencies of target rosgraph_msgs_generate_messages_py[0m
[  0%] Built target rosgraph_msgs_generate_messages_py
[35m[1mScanning dependencies of target actionlib_msgs_generate_messages_eus[0m
[  0%] Built target actionlib_msgs_generate_messages_eus
[35m[1mScanning dependencies of target spencer_human_attribute_msgs_generate_messages_nodejs[0m
[  0%] Built target spencer_human_attribute_msgs_generate_messages_nodejs
[35m[1mScanning dependencies of target geometry_msgs_generate_messages_lisp[0m
[  0%] Built target geometry_msgs_generate_messages_lisp
[35m[1mScanning dependencies of target actionlib_generate_messages_lisp[0m
[  0%] Built target actionlib_generate_messages_lisp
[35m[1mScanning dependencies of target geometry_msgs_generate_messages_cpp[0m
[  0%] Built target geometry_msgs_generate_messages_cpp
[35m[1mScanning dependencies of target geometry_msgs_generate_messages_nodejs[0m
[  0%] Built target geometry_msgs_generate_messages_nodejs
[35m[1mScanning dependencies of target geometry_msgs_generate_messages_py[0m
[  0%] Built target geometry_msgs_generate_messages_py
[35m[1mScanning dependencies of target spencer_social_relation_msgs_generate_messages_eus[0m
[  0%] Built target spencer_social_relation_msgs_generate_messages_eus
[35m[1mScanning dependencies of target actionlib_msgs_generate_messages_nodejs[0m
[  0%] Built target actionlib_msgs_generate_messages_nodejs
[35m[1mScanning dependencies of target map_msgs_generate_messages_nodejs[0m
[  0%] Built target map_msgs_generate_messages_nodejs
[35m[1mScanning dependencies of target spencer_social_relation_msgs_generate_messages_cpp[0m
[  0%] Built target spencer_social_relation_msgs_generate_messages_cpp
[35m[1mScanning dependencies of target tf_generate_messages_lisp[0m
[  0%] Built target tf_generate_messages_lisp
[35m[1mScanning dependencies of target tf_generate_messages_nodejs[0m
[  0%] Built target tf_generate_messages_nodejs
[35m[1mScanning dependencies of target actionlib_generate_messages_eus[0m
[  0%] Built target actionlib_generate_messages_eus
[35m[1mScanning dependencies of target spencer_social_relation_msgs_generate_messages_nodejs[0m
[  0%] Built target spencer_social_relation_msgs_generate_messages_nodejs
[35m[1mScanning dependencies of target tf_generate_messages_cpp[0m
[  0%] Built target tf_generate_messages_cpp
[35m[1mScanning dependencies of target actionlib_generate_messages_nodejs[0m
[  0%] Built target actionlib_generate_messages_nodejs
[35m[1mScanning dependencies of target spencer_human_attribute_msgs_generate_messages_eus[0m
[  0%] Built target spencer_human_attribute_msgs_generate_messages_eus
[35m[1mScanning dependencies of target tf_generate_messages_eus[0m
[  0%] Built target tf_generate_messages_eus
[35m[1mScanning dependencies of target actionlib_msgs_generate_messages_cpp[0m
[  0%] Built target actionlib_msgs_generate_messages_cpp
[35m[1mScanning dependencies of target std_srvs_generate_messages_cpp[0m
[  0%] Built target std_srvs_generate_messages_cpp
[35m[1mScanning dependencies of target actionlib_msgs_generate_messages_lisp[0m
[  0%] Built target actionlib_msgs_generate_messages_lisp
[35m[1mScanning dependencies of target actionlib_msgs_generate_messages_py[0m
[  0%] Built target actionlib_msgs_generate_messages_py
[35m[1mScanning dependencies of target tf2_msgs_generate_messages_cpp[0m
[35m[1mScanning dependencies of target map_msgs_generate_messages_cpp[0m
[  0%] Built target tf2_msgs_generate_messages_cpp
[  0%] Built target map_msgs_generate_messages_cpp
[35m[1mScanning dependencies of target actionlib_generate_messages_py[0m
[35m[1mScanning dependencies of target tf2_msgs_generate_messages_py[0m
[  0%] Built target actionlib_generate_messages_py
[  0%] Built target tf2_msgs_generate_messages_py
[35m[1mScanning dependencies of target visualization_msgs_generate_messages_eus[0m
[35m[1mScanning dependencies of target visualization_msgs_generate_messages_py[0m
[  0%] Built target visualization_msgs_generate_messages_eus
[  0%] Built target visualization_msgs_generate_messages_py
[35m[1mScanning dependencies of target map_msgs_generate_messages_eus[0m
[35m[1mScanning dependencies of target spencer_human_attribute_msgs_generate_messages_cpp[0m
[  0%] Built target map_msgs_generate_messages_eus
[  0%] Built target spencer_human_attribute_msgs_generate_messages_cpp
[35m[1mScanning dependencies of target sensor_msgs_generate_messages_lisp[0m
[35m[1mScanning dependencies of target nav_msgs_generate_messages_cpp[0m
[  0%] Built target sensor_msgs_generate_messages_lisp
[  0%] Built target nav_msgs_generate_messages_cpp
[35m[1mScanning dependencies of target tf2_msgs_generate_messages_eus[0m
[35m[1mScanning dependencies of target visualization_msgs_generate_messages_cpp[0m
[  0%] Built target tf2_msgs_generate_messages_eus
[  0%] Built target visualization_msgs_generate_messages_cpp
[35m[1mScanning dependencies of target nav_msgs_generate_messages_eus[0m
[35m[1mScanning dependencies of target nav_msgs_generate_messages_lisp[0m
[  0%] Built target nav_msgs_generate_messages_eus
[  0%] Built target nav_msgs_generate_messages_lisp
[35m[1mScanning dependencies of target tf2_msgs_generate_messages_lisp[0m
[35m[1mScanning dependencies of target nav_msgs_generate_messages_py[0m
[  0%] Built target tf2_msgs_generate_messages_lisp
[  0%] Built target nav_msgs_generate_messages_py
[35m[1mScanning dependencies of target _catkin_empty_exported_target[0m
[35m[1mScanning dependencies of target std_srvs_generate_messages_lisp[0m
[  0%] Built target _catkin_empty_exported_target
[  0%] Built target std_srvs_generate_messages_lisp
[  3%] [34m[1mGenerating src/moc_additional_topic_subscriber.cpp[0m
[  7%] [34m[1mGenerating src/moc_detected_persons_display.cpp[0m
[ 11%] [34m[1mGenerating src/moc_tracked_persons_display.cpp[0m
[ 15%] [34m[1mGenerating src/moc_tracked_groups_display.cpp[0m
[ 19%] [34m[1mGenerating src/moc_social_relations_display.cpp[0m
[ 23%] [34m[1mGenerating src/moc_social_activities_display.cpp[0m
[ 26%] [34m[1mGenerating src/moc_human_attributes_display.cpp[0m
[ 30%] [34m[1mGenerating src/moc_person_display_common.cpp[0m
[35m[1mScanning dependencies of target spencer_tracking_rviz_plugin[0m
[ 34%] [32mBuilding CXX object CMakeFiles/spencer_tracking_rviz_plugin.dir/src/detected_persons_display.cpp.o[0m
[ 38%] [32mBuilding CXX object CMakeFiles/spencer_tracking_rviz_plugin.dir/src/tracked_persons_display.cpp.o[0m
[ 42%] [32mBuilding CXX object CMakeFiles/spencer_tracking_rviz_plugin.dir/src/tracked_groups_display.cpp.o[0m
[ 46%] [32mBuilding CXX object CMakeFiles/spencer_tracking_rviz_plugin.dir/src/social_relations_display.cpp.o[0m
[ 50%] [32mBuilding CXX object CMakeFiles/spencer_tracking_rviz_plugin.dir/src/social_activities_display.cpp.o[0m
[ 53%] [32mBuilding CXX object CMakeFiles/spencer_tracking_rviz_plugin.dir/src/human_attributes_display.cpp.o[0m
[ 57%] [32mBuilding CXX object CMakeFiles/spencer_tracking_rviz_plugin.dir/src/person_display_common.cpp.o[0m
[ 61%] [32mBuilding CXX object CMakeFiles/spencer_tracking_rviz_plugin.dir/src/tracked_persons_cache.cpp.o[0m
[ 65%] [32mBuilding CXX object CMakeFiles/spencer_tracking_rviz_plugin.dir/src/visuals/person_visual.cpp.o[0m
[ 69%] [32mBuilding CXX object CMakeFiles/spencer_tracking_rviz_plugin.dir/src/moc_detected_persons_display.cpp.o[0m
[ 73%] [32mBuilding CXX object CMakeFiles/spencer_tracking_rviz_plugin.dir/src/moc_tracked_persons_display.cpp.o[0m
[ 76%] [32mBuilding CXX object CMakeFiles/spencer_tracking_rviz_plugin.dir/src/moc_tracked_groups_display.cpp.o[0m
[ 80%] [32mBuilding CXX object CMakeFiles/spencer_tracking_rviz_plugin.dir/src/moc_social_relations_display.cpp.o[0m
[ 84%] [32mBuilding CXX object CMakeFiles/spencer_tracking_rviz_plugin.dir/src/moc_social_activities_display.cpp.o[0m
[ 88%] [32mBuilding CXX object CMakeFiles/spencer_tracking_rviz_plugin.dir/src/moc_human_attributes_display.cpp.o[0m
[ 92%] [32mBuilding CXX object CMakeFiles/spencer_tracking_rviz_plugin.dir/src/moc_person_display_common.cpp.o[0m
[ 96%] [32mBuilding CXX object CMakeFiles/spencer_tracking_rviz_plugin.dir/src/moc_additional_topic_subscriber.cpp.o[0m
[100%] [32m[1mLinking CXX shared library /home/andrea/pedsim_ros/devel/.private/spencer_tracking_rviz_plugin/lib/libspencer_tracking_rviz_plugin.so[0m
[100%] Built target spencer_tracking_rviz_plugin
