Determining if the pthread_create exist failed with the following output:
Change Dir: /home/andrea/pmb2_public_ws/build/pedsim/CMakeFiles/CMakeTmp

Run Build Command:"/usr/bin/make" "cmTC_38bbb/fast"
/usr/bin/make -f CMakeFiles/cmTC_38bbb.dir/build.make CMakeFiles/cmTC_38bbb.dir/build
make[1]: Entering directory '/home/andrea/pmb2_public_ws/build/pedsim/CMakeFiles/CMakeTmp'
Building C object CMakeFiles/cmTC_38bbb.dir/CheckSymbolExists.c.o
/usr/bin/cc    -o CMakeFiles/cmTC_38bbb.dir/CheckSymbolExists.c.o   -c /home/andrea/pmb2_public_ws/build/pedsim/CMakeFiles/CMakeTmp/CheckSymbolExists.c
Linking C executable cmTC_38bbb
/usr/bin/cmake -E cmake_link_script CMakeFiles/cmTC_38bbb.dir/link.txt --verbose=1
/usr/bin/cc      -rdynamic CMakeFiles/cmTC_38bbb.dir/CheckSymbolExists.c.o  -o cmTC_38bbb 
CMakeFiles/cmTC_38bbb.dir/CheckSymbolExists.c.o: In function `main':
CheckSymbolExists.c:(.text+0x1b): undefined reference to `pthread_create'
collect2: error: ld returned 1 exit status
CMakeFiles/cmTC_38bbb.dir/build.make:97: recipe for target 'cmTC_38bbb' failed
make[1]: *** [cmTC_38bbb] Error 1
make[1]: Leaving directory '/home/andrea/pmb2_public_ws/build/pedsim/CMakeFiles/CMakeTmp'
Makefile:126: recipe for target 'cmTC_38bbb/fast' failed
make: *** [cmTC_38bbb/fast] Error 2

File /home/andrea/pmb2_public_ws/build/pedsim/CMakeFiles/CMakeTmp/CheckSymbolExists.c:
/* */
#include <pthread.h>

int main(int argc, char** argv)
{
  (void)argv;
#ifndef pthread_create
  return ((int*)(&pthread_create))[argc];
#else
  (void)argc;
  return 0;
#endif
}

Determining if the function pthread_create exists in the pthreads failed with the following output:
Change Dir: /home/andrea/pmb2_public_ws/build/pedsim/CMakeFiles/CMakeTmp

Run Build Command:"/usr/bin/make" "cmTC_fec48/fast"
/usr/bin/make -f CMakeFiles/cmTC_fec48.dir/build.make CMakeFiles/cmTC_fec48.dir/build
make[1]: Entering directory '/home/andrea/pmb2_public_ws/build/pedsim/CMakeFiles/CMakeTmp'
Building C object CMakeFiles/cmTC_fec48.dir/CheckFunctionExists.c.o
/usr/bin/cc   -DCHECK_FUNCTION_EXISTS=pthread_create   -o CMakeFiles/cmTC_fec48.dir/CheckFunctionExists.c.o   -c /usr/share/cmake-3.10/Modules/CheckFunctionExists.c
Linking C executable cmTC_fec48
/usr/bin/cmake -E cmake_link_script CMakeFiles/cmTC_fec48.dir/link.txt --verbose=1
/usr/bin/cc  -DCHECK_FUNCTION_EXISTS=pthread_create    -rdynamic CMakeFiles/cmTC_fec48.dir/CheckFunctionExists.c.o  -o cmTC_fec48 -lpthreads 
/usr/bin/ld: cannot find -lpthreads
collect2: error: ld returned 1 exit status
CMakeFiles/cmTC_fec48.dir/build.make:97: recipe for target 'cmTC_fec48' failed
make[1]: *** [cmTC_fec48] Error 1
make[1]: Leaving directory '/home/andrea/pmb2_public_ws/build/pedsim/CMakeFiles/CMakeTmp'
Makefile:126: recipe for target 'cmTC_fec48/fast' failed
make: *** [cmTC_fec48/fast] Error 2


