Linked: (/home/andrea/pmb2_public_ws/devel/.private/catkin_tools_prebuild/cmake.lock, /home/andrea/pmb2_public_ws/devel/./cmake.lock)
Linked: (/home/andrea/pmb2_public_ws/devel/.private/catkin_tools_prebuild/lib/pkgconfig/catkin_tools_prebuild.pc, /home/andrea/pmb2_public_ws/devel/lib/pkgconfig/catkin_tools_prebuild.pc)
Linked: (/home/andrea/pmb2_public_ws/devel/.private/catkin_tools_prebuild/share/catkin_tools_prebuild/cmake/catkin_tools_prebuildConfig-version.cmake, /home/andrea/pmb2_public_ws/devel/share/catkin_tools_prebuild/cmake/catkin_tools_prebuildConfig-version.cmake)
Linked: (/home/andrea/pmb2_public_ws/devel/.private/catkin_tools_prebuild/share/catkin_tools_prebuild/cmake/catkin_tools_prebuildConfig.cmake, /home/andrea/pmb2_public_ws/devel/share/catkin_tools_prebuild/cmake/catkin_tools_prebuildConfig.cmake)
Cleaning: (/home/andrea/pmb2_public_ws/devel/.private/catkin_tools_prebuild/local_setup.bash, /home/andrea/pmb2_public_ws/devel/./local_setup.bash)
Cleaning: (/home/andrea/pmb2_public_ws/devel/.private/catkin_tools_prebuild/local_setup.sh, /home/andrea/pmb2_public_ws/devel/./local_setup.sh)
Cleaning: (/home/andrea/pmb2_public_ws/devel/.private/catkin_tools_prebuild/setup.sh, /home/andrea/pmb2_public_ws/devel/./setup.sh)
Cleaning: (/home/andrea/pmb2_public_ws/devel/.private/catkin_tools_prebuild/local_setup.zsh, /home/andrea/pmb2_public_ws/devel/./local_setup.zsh)
Cleaning: (/home/andrea/pmb2_public_ws/devel/.private/catkin_tools_prebuild/env.sh, /home/andrea/pmb2_public_ws/devel/./env.sh)
Cleaning: (/home/andrea/pmb2_public_ws/devel/.private/catkin_tools_prebuild/_setup_util.py, /home/andrea/pmb2_public_ws/devel/./_setup_util.py)
Cleaning: (/home/andrea/pmb2_public_ws/devel/.private/catkin_tools_prebuild/setup.bash, /home/andrea/pmb2_public_ws/devel/./setup.bash)
Cleaning: (/home/andrea/pmb2_public_ws/devel/.private/catkin_tools_prebuild/setup.zsh, /home/andrea/pmb2_public_ws/devel/./setup.zsh)
Unlinking: /home/andrea/pmb2_public_ws/devel/./local_setup.bash
Unlinking: /home/andrea/pmb2_public_ws/devel/./local_setup.sh
Unlinking: /home/andrea/pmb2_public_ws/devel/./setup.sh
Unlinking: /home/andrea/pmb2_public_ws/devel/./local_setup.zsh
Unlinking: /home/andrea/pmb2_public_ws/devel/./env.sh
Unlinking: /home/andrea/pmb2_public_ws/devel/./_setup_util.py
Unlinking: /home/andrea/pmb2_public_ws/devel/./setup.bash
Unlinking: /home/andrea/pmb2_public_ws/devel/./setup.zsh
