Linked: (/home/andrea/pmb2_public_ws/devel/.private/spencer_vision_msgs/include/spencer_vision_msgs/PersonImages.h, /home/andrea/pmb2_public_ws/devel/include/spencer_vision_msgs/PersonImages.h)
Linked: (/home/andrea/pmb2_public_ws/devel/.private/spencer_vision_msgs/include/spencer_vision_msgs/PersonROIs.h, /home/andrea/pmb2_public_ws/devel/include/spencer_vision_msgs/PersonROIs.h)
Linked: (/home/andrea/pmb2_public_ws/devel/.private/spencer_vision_msgs/include/spencer_vision_msgs/PersonImage.h, /home/andrea/pmb2_public_ws/devel/include/spencer_vision_msgs/PersonImage.h)
Linked: (/home/andrea/pmb2_public_ws/devel/.private/spencer_vision_msgs/include/spencer_vision_msgs/PersonROI.h, /home/andrea/pmb2_public_ws/devel/include/spencer_vision_msgs/PersonROI.h)
Linked: (/home/andrea/pmb2_public_ws/devel/.private/spencer_vision_msgs/lib/python2.7/dist-packages/spencer_vision_msgs/__init__.py, /home/andrea/pmb2_public_ws/devel/lib/python2.7/dist-packages/spencer_vision_msgs/__init__.py)
Linked: (/home/andrea/pmb2_public_ws/devel/.private/spencer_vision_msgs/lib/python2.7/dist-packages/spencer_vision_msgs/msg/_PersonImages.py, /home/andrea/pmb2_public_ws/devel/lib/python2.7/dist-packages/spencer_vision_msgs/msg/_PersonImages.py)
Linked: (/home/andrea/pmb2_public_ws/devel/.private/spencer_vision_msgs/lib/python2.7/dist-packages/spencer_vision_msgs/msg/_PersonROI.py, /home/andrea/pmb2_public_ws/devel/lib/python2.7/dist-packages/spencer_vision_msgs/msg/_PersonROI.py)
Linked: (/home/andrea/pmb2_public_ws/devel/.private/spencer_vision_msgs/lib/python2.7/dist-packages/spencer_vision_msgs/msg/_PersonImage.py, /home/andrea/pmb2_public_ws/devel/lib/python2.7/dist-packages/spencer_vision_msgs/msg/_PersonImage.py)
Linked: (/home/andrea/pmb2_public_ws/devel/.private/spencer_vision_msgs/lib/python2.7/dist-packages/spencer_vision_msgs/msg/__init__.py, /home/andrea/pmb2_public_ws/devel/lib/python2.7/dist-packages/spencer_vision_msgs/msg/__init__.py)
Linked: (/home/andrea/pmb2_public_ws/devel/.private/spencer_vision_msgs/lib/python2.7/dist-packages/spencer_vision_msgs/msg/_PersonROIs.py, /home/andrea/pmb2_public_ws/devel/lib/python2.7/dist-packages/spencer_vision_msgs/msg/_PersonROIs.py)
Linked: (/home/andrea/pmb2_public_ws/devel/.private/spencer_vision_msgs/lib/pkgconfig/spencer_vision_msgs.pc, /home/andrea/pmb2_public_ws/devel/lib/pkgconfig/spencer_vision_msgs.pc)
Linked: (/home/andrea/pmb2_public_ws/devel/.private/spencer_vision_msgs/share/gennodejs/ros/spencer_vision_msgs/_index.js, /home/andrea/pmb2_public_ws/devel/share/gennodejs/ros/spencer_vision_msgs/_index.js)
Linked: (/home/andrea/pmb2_public_ws/devel/.private/spencer_vision_msgs/share/gennodejs/ros/spencer_vision_msgs/msg/PersonROI.js, /home/andrea/pmb2_public_ws/devel/share/gennodejs/ros/spencer_vision_msgs/msg/PersonROI.js)
Linked: (/home/andrea/pmb2_public_ws/devel/.private/spencer_vision_msgs/share/gennodejs/ros/spencer_vision_msgs/msg/PersonImages.js, /home/andrea/pmb2_public_ws/devel/share/gennodejs/ros/spencer_vision_msgs/msg/PersonImages.js)
Linked: (/home/andrea/pmb2_public_ws/devel/.private/spencer_vision_msgs/share/gennodejs/ros/spencer_vision_msgs/msg/_index.js, /home/andrea/pmb2_public_ws/devel/share/gennodejs/ros/spencer_vision_msgs/msg/_index.js)
Linked: (/home/andrea/pmb2_public_ws/devel/.private/spencer_vision_msgs/share/gennodejs/ros/spencer_vision_msgs/msg/PersonROIs.js, /home/andrea/pmb2_public_ws/devel/share/gennodejs/ros/spencer_vision_msgs/msg/PersonROIs.js)
Linked: (/home/andrea/pmb2_public_ws/devel/.private/spencer_vision_msgs/share/gennodejs/ros/spencer_vision_msgs/msg/PersonImage.js, /home/andrea/pmb2_public_ws/devel/share/gennodejs/ros/spencer_vision_msgs/msg/PersonImage.js)
Linked: (/home/andrea/pmb2_public_ws/devel/.private/spencer_vision_msgs/share/roseus/ros/spencer_vision_msgs/manifest.l, /home/andrea/pmb2_public_ws/devel/share/roseus/ros/spencer_vision_msgs/manifest.l)
Linked: (/home/andrea/pmb2_public_ws/devel/.private/spencer_vision_msgs/share/roseus/ros/spencer_vision_msgs/msg/PersonImages.l, /home/andrea/pmb2_public_ws/devel/share/roseus/ros/spencer_vision_msgs/msg/PersonImages.l)
Linked: (/home/andrea/pmb2_public_ws/devel/.private/spencer_vision_msgs/share/roseus/ros/spencer_vision_msgs/msg/PersonROI.l, /home/andrea/pmb2_public_ws/devel/share/roseus/ros/spencer_vision_msgs/msg/PersonROI.l)
Linked: (/home/andrea/pmb2_public_ws/devel/.private/spencer_vision_msgs/share/roseus/ros/spencer_vision_msgs/msg/PersonImage.l, /home/andrea/pmb2_public_ws/devel/share/roseus/ros/spencer_vision_msgs/msg/PersonImage.l)
Linked: (/home/andrea/pmb2_public_ws/devel/.private/spencer_vision_msgs/share/roseus/ros/spencer_vision_msgs/msg/PersonROIs.l, /home/andrea/pmb2_public_ws/devel/share/roseus/ros/spencer_vision_msgs/msg/PersonROIs.l)
Linked: (/home/andrea/pmb2_public_ws/devel/.private/spencer_vision_msgs/share/common-lisp/ros/spencer_vision_msgs/msg/PersonImages.lisp, /home/andrea/pmb2_public_ws/devel/share/common-lisp/ros/spencer_vision_msgs/msg/PersonImages.lisp)
Linked: (/home/andrea/pmb2_public_ws/devel/.private/spencer_vision_msgs/share/common-lisp/ros/spencer_vision_msgs/msg/_package_PersonROI.lisp, /home/andrea/pmb2_public_ws/devel/share/common-lisp/ros/spencer_vision_msgs/msg/_package_PersonROI.lisp)
Linked: (/home/andrea/pmb2_public_ws/devel/.private/spencer_vision_msgs/share/common-lisp/ros/spencer_vision_msgs/msg/spencer_vision_msgs-msg.asd, /home/andrea/pmb2_public_ws/devel/share/common-lisp/ros/spencer_vision_msgs/msg/spencer_vision_msgs-msg.asd)
Linked: (/home/andrea/pmb2_public_ws/devel/.private/spencer_vision_msgs/share/common-lisp/ros/spencer_vision_msgs/msg/PersonROI.lisp, /home/andrea/pmb2_public_ws/devel/share/common-lisp/ros/spencer_vision_msgs/msg/PersonROI.lisp)
Linked: (/home/andrea/pmb2_public_ws/devel/.private/spencer_vision_msgs/share/common-lisp/ros/spencer_vision_msgs/msg/PersonROIs.lisp, /home/andrea/pmb2_public_ws/devel/share/common-lisp/ros/spencer_vision_msgs/msg/PersonROIs.lisp)
Linked: (/home/andrea/pmb2_public_ws/devel/.private/spencer_vision_msgs/share/common-lisp/ros/spencer_vision_msgs/msg/_package.lisp, /home/andrea/pmb2_public_ws/devel/share/common-lisp/ros/spencer_vision_msgs/msg/_package.lisp)
Linked: (/home/andrea/pmb2_public_ws/devel/.private/spencer_vision_msgs/share/common-lisp/ros/spencer_vision_msgs/msg/_package_PersonImage.lisp, /home/andrea/pmb2_public_ws/devel/share/common-lisp/ros/spencer_vision_msgs/msg/_package_PersonImage.lisp)
Linked: (/home/andrea/pmb2_public_ws/devel/.private/spencer_vision_msgs/share/common-lisp/ros/spencer_vision_msgs/msg/_package_PersonROIs.lisp, /home/andrea/pmb2_public_ws/devel/share/common-lisp/ros/spencer_vision_msgs/msg/_package_PersonROIs.lisp)
Linked: (/home/andrea/pmb2_public_ws/devel/.private/spencer_vision_msgs/share/common-lisp/ros/spencer_vision_msgs/msg/_package_PersonImages.lisp, /home/andrea/pmb2_public_ws/devel/share/common-lisp/ros/spencer_vision_msgs/msg/_package_PersonImages.lisp)
Linked: (/home/andrea/pmb2_public_ws/devel/.private/spencer_vision_msgs/share/common-lisp/ros/spencer_vision_msgs/msg/PersonImage.lisp, /home/andrea/pmb2_public_ws/devel/share/common-lisp/ros/spencer_vision_msgs/msg/PersonImage.lisp)
Linked: (/home/andrea/pmb2_public_ws/devel/.private/spencer_vision_msgs/share/spencer_vision_msgs/cmake/spencer_vision_msgsConfig-version.cmake, /home/andrea/pmb2_public_ws/devel/share/spencer_vision_msgs/cmake/spencer_vision_msgsConfig-version.cmake)
Linked: (/home/andrea/pmb2_public_ws/devel/.private/spencer_vision_msgs/share/spencer_vision_msgs/cmake/spencer_vision_msgs-msg-paths.cmake, /home/andrea/pmb2_public_ws/devel/share/spencer_vision_msgs/cmake/spencer_vision_msgs-msg-paths.cmake)
Linked: (/home/andrea/pmb2_public_ws/devel/.private/spencer_vision_msgs/share/spencer_vision_msgs/cmake/spencer_vision_msgsConfig.cmake, /home/andrea/pmb2_public_ws/devel/share/spencer_vision_msgs/cmake/spencer_vision_msgsConfig.cmake)
Linked: (/home/andrea/pmb2_public_ws/devel/.private/spencer_vision_msgs/share/spencer_vision_msgs/cmake/spencer_vision_msgs-msg-extras.cmake, /home/andrea/pmb2_public_ws/devel/share/spencer_vision_msgs/cmake/spencer_vision_msgs-msg-extras.cmake)
