Symlinking /home/andrea/pedsim_ros/devel/include/spencer_human_attribute_msgs/HumanAttributes.h
Symlinking /home/andrea/pedsim_ros/devel/include/spencer_human_attribute_msgs/CategoricalAttribute.h
Symlinking /home/andrea/pedsim_ros/devel/include/spencer_human_attribute_msgs/ScalarAttribute.h
Symlinking /home/andrea/pedsim_ros/devel/lib/python2.7/dist-packages/spencer_human_attribute_msgs/__init__.py
Symlinking /home/andrea/pedsim_ros/devel/lib/python2.7/dist-packages/spencer_human_attribute_msgs/msg/_CategoricalAttribute.py
Symlinking /home/andrea/pedsim_ros/devel/lib/python2.7/dist-packages/spencer_human_attribute_msgs/msg/_ScalarAttribute.py
Symlinking /home/andrea/pedsim_ros/devel/lib/python2.7/dist-packages/spencer_human_attribute_msgs/msg/__init__.py
Symlinking /home/andrea/pedsim_ros/devel/lib/python2.7/dist-packages/spencer_human_attribute_msgs/msg/_HumanAttributes.py
Symlinking /home/andrea/pedsim_ros/devel/lib/pkgconfig/spencer_human_attribute_msgs.pc
Symlinking /home/andrea/pedsim_ros/devel/share/gennodejs/ros/spencer_human_attribute_msgs/_index.js
Symlinking /home/andrea/pedsim_ros/devel/share/gennodejs/ros/spencer_human_attribute_msgs/msg/ScalarAttribute.js
Symlinking /home/andrea/pedsim_ros/devel/share/gennodejs/ros/spencer_human_attribute_msgs/msg/CategoricalAttribute.js
Symlinking /home/andrea/pedsim_ros/devel/share/gennodejs/ros/spencer_human_attribute_msgs/msg/_index.js
Symlinking /home/andrea/pedsim_ros/devel/share/gennodejs/ros/spencer_human_attribute_msgs/msg/HumanAttributes.js
Symlinking /home/andrea/pedsim_ros/devel/share/roseus/ros/spencer_human_attribute_msgs/manifest.l
Symlinking /home/andrea/pedsim_ros/devel/share/roseus/ros/spencer_human_attribute_msgs/msg/ScalarAttribute.l
Symlinking /home/andrea/pedsim_ros/devel/share/roseus/ros/spencer_human_attribute_msgs/msg/HumanAttributes.l
Symlinking /home/andrea/pedsim_ros/devel/share/roseus/ros/spencer_human_attribute_msgs/msg/CategoricalAttribute.l
Symlinking /home/andrea/pedsim_ros/devel/share/common-lisp/ros/spencer_human_attribute_msgs/msg/_package_CategoricalAttribute.lisp
Symlinking /home/andrea/pedsim_ros/devel/share/common-lisp/ros/spencer_human_attribute_msgs/msg/HumanAttributes.lisp
Symlinking /home/andrea/pedsim_ros/devel/share/common-lisp/ros/spencer_human_attribute_msgs/msg/CategoricalAttribute.lisp
Symlinking /home/andrea/pedsim_ros/devel/share/common-lisp/ros/spencer_human_attribute_msgs/msg/_package_ScalarAttribute.lisp
Symlinking /home/andrea/pedsim_ros/devel/share/common-lisp/ros/spencer_human_attribute_msgs/msg/spencer_human_attribute_msgs-msg.asd
Symlinking /home/andrea/pedsim_ros/devel/share/common-lisp/ros/spencer_human_attribute_msgs/msg/ScalarAttribute.lisp
Symlinking /home/andrea/pedsim_ros/devel/share/common-lisp/ros/spencer_human_attribute_msgs/msg/_package.lisp
Symlinking /home/andrea/pedsim_ros/devel/share/common-lisp/ros/spencer_human_attribute_msgs/msg/_package_HumanAttributes.lisp
Symlinking /home/andrea/pedsim_ros/devel/share/spencer_human_attribute_msgs/cmake/spencer_human_attribute_msgsConfig-version.cmake
Symlinking /home/andrea/pedsim_ros/devel/share/spencer_human_attribute_msgs/cmake/spencer_human_attribute_msgsConfig.cmake
Symlinking /home/andrea/pedsim_ros/devel/share/spencer_human_attribute_msgs/cmake/spencer_human_attribute_msgs-msg-extras.cmake
Symlinking /home/andrea/pedsim_ros/devel/share/spencer_human_attribute_msgs/cmake/spencer_human_attribute_msgs-msg-paths.cmake
