Determining if the pthread_create exist failed with the following output:
Change Dir: /home/andrea/pmb2_public_ws/build/moving_cube_training/CMakeFiles/CMakeTmp

Run Build Command:"/usr/bin/make" "cmTC_85f2f/fast"
/usr/bin/make -f CMakeFiles/cmTC_85f2f.dir/build.make CMakeFiles/cmTC_85f2f.dir/build
make[1]: Entering directory '/home/andrea/pmb2_public_ws/build/moving_cube_training/CMakeFiles/CMakeTmp'
Building C object CMakeFiles/cmTC_85f2f.dir/CheckSymbolExists.c.o
/usr/bin/cc    -o CMakeFiles/cmTC_85f2f.dir/CheckSymbolExists.c.o   -c /home/andrea/pmb2_public_ws/build/moving_cube_training/CMakeFiles/CMakeTmp/CheckSymbolExists.c
Linking C executable cmTC_85f2f
/usr/bin/cmake -E cmake_link_script CMakeFiles/cmTC_85f2f.dir/link.txt --verbose=1
/usr/bin/cc      -rdynamic CMakeFiles/cmTC_85f2f.dir/CheckSymbolExists.c.o  -o cmTC_85f2f 
CMakeFiles/cmTC_85f2f.dir/CheckSymbolExists.c.o: In function `main':
CheckSymbolExists.c:(.text+0x1b): undefined reference to `pthread_create'
collect2: error: ld returned 1 exit status
CMakeFiles/cmTC_85f2f.dir/build.make:97: recipe for target 'cmTC_85f2f' failed
make[1]: *** [cmTC_85f2f] Error 1
make[1]: Leaving directory '/home/andrea/pmb2_public_ws/build/moving_cube_training/CMakeFiles/CMakeTmp'
Makefile:126: recipe for target 'cmTC_85f2f/fast' failed
make: *** [cmTC_85f2f/fast] Error 2

File /home/andrea/pmb2_public_ws/build/moving_cube_training/CMakeFiles/CMakeTmp/CheckSymbolExists.c:
/* */
#include <pthread.h>

int main(int argc, char** argv)
{
  (void)argv;
#ifndef pthread_create
  return ((int*)(&pthread_create))[argc];
#else
  (void)argc;
  return 0;
#endif
}

Determining if the function pthread_create exists in the pthreads failed with the following output:
Change Dir: /home/andrea/pmb2_public_ws/build/moving_cube_training/CMakeFiles/CMakeTmp

Run Build Command:"/usr/bin/make" "cmTC_2ffa3/fast"
/usr/bin/make -f CMakeFiles/cmTC_2ffa3.dir/build.make CMakeFiles/cmTC_2ffa3.dir/build
make[1]: Entering directory '/home/andrea/pmb2_public_ws/build/moving_cube_training/CMakeFiles/CMakeTmp'
Building C object CMakeFiles/cmTC_2ffa3.dir/CheckFunctionExists.c.o
/usr/bin/cc   -DCHECK_FUNCTION_EXISTS=pthread_create   -o CMakeFiles/cmTC_2ffa3.dir/CheckFunctionExists.c.o   -c /usr/share/cmake-3.10/Modules/CheckFunctionExists.c
Linking C executable cmTC_2ffa3
/usr/bin/cmake -E cmake_link_script CMakeFiles/cmTC_2ffa3.dir/link.txt --verbose=1
/usr/bin/cc  -DCHECK_FUNCTION_EXISTS=pthread_create    -rdynamic CMakeFiles/cmTC_2ffa3.dir/CheckFunctionExists.c.o  -o cmTC_2ffa3 -lpthreads 
/usr/bin/ld: cannot find -lpthreads
collect2: error: ld returned 1 exit status
CMakeFiles/cmTC_2ffa3.dir/build.make:97: recipe for target 'cmTC_2ffa3' failed
make[1]: *** [cmTC_2ffa3] Error 1
make[1]: Leaving directory '/home/andrea/pmb2_public_ws/build/moving_cube_training/CMakeFiles/CMakeTmp'
Makefile:126: recipe for target 'cmTC_2ffa3/fast' failed
make: *** [cmTC_2ffa3/fast] Error 2


