Determining if the pthread_create exist failed with the following output:
Change Dir: /home/andrea/pmb2_public_ws/build/spencer_vision_msgs/CMakeFiles/CMakeTmp

Run Build Command:"/usr/bin/make" "cmTC_9091c/fast"
/usr/bin/make -f CMakeFiles/cmTC_9091c.dir/build.make CMakeFiles/cmTC_9091c.dir/build
make[1]: Entering directory '/home/andrea/pmb2_public_ws/build/spencer_vision_msgs/CMakeFiles/CMakeTmp'
Building C object CMakeFiles/cmTC_9091c.dir/CheckSymbolExists.c.o
/usr/bin/cc    -o CMakeFiles/cmTC_9091c.dir/CheckSymbolExists.c.o   -c /home/andrea/pmb2_public_ws/build/spencer_vision_msgs/CMakeFiles/CMakeTmp/CheckSymbolExists.c
Linking C executable cmTC_9091c
/usr/bin/cmake -E cmake_link_script CMakeFiles/cmTC_9091c.dir/link.txt --verbose=1
/usr/bin/cc      -rdynamic CMakeFiles/cmTC_9091c.dir/CheckSymbolExists.c.o  -o cmTC_9091c 
CMakeFiles/cmTC_9091c.dir/CheckSymbolExists.c.o: In function `main':
CheckSymbolExists.c:(.text+0x1b): undefined reference to `pthread_create'
collect2: error: ld returned 1 exit status
CMakeFiles/cmTC_9091c.dir/build.make:97: recipe for target 'cmTC_9091c' failed
make[1]: *** [cmTC_9091c] Error 1
make[1]: Leaving directory '/home/andrea/pmb2_public_ws/build/spencer_vision_msgs/CMakeFiles/CMakeTmp'
Makefile:126: recipe for target 'cmTC_9091c/fast' failed
make: *** [cmTC_9091c/fast] Error 2

File /home/andrea/pmb2_public_ws/build/spencer_vision_msgs/CMakeFiles/CMakeTmp/CheckSymbolExists.c:
/* */
#include <pthread.h>

int main(int argc, char** argv)
{
  (void)argv;
#ifndef pthread_create
  return ((int*)(&pthread_create))[argc];
#else
  (void)argc;
  return 0;
#endif
}

Determining if the function pthread_create exists in the pthreads failed with the following output:
Change Dir: /home/andrea/pmb2_public_ws/build/spencer_vision_msgs/CMakeFiles/CMakeTmp

Run Build Command:"/usr/bin/make" "cmTC_d5b39/fast"
/usr/bin/make -f CMakeFiles/cmTC_d5b39.dir/build.make CMakeFiles/cmTC_d5b39.dir/build
make[1]: Entering directory '/home/andrea/pmb2_public_ws/build/spencer_vision_msgs/CMakeFiles/CMakeTmp'
Building C object CMakeFiles/cmTC_d5b39.dir/CheckFunctionExists.c.o
/usr/bin/cc   -DCHECK_FUNCTION_EXISTS=pthread_create   -o CMakeFiles/cmTC_d5b39.dir/CheckFunctionExists.c.o   -c /usr/share/cmake-3.10/Modules/CheckFunctionExists.c
Linking C executable cmTC_d5b39
/usr/bin/cmake -E cmake_link_script CMakeFiles/cmTC_d5b39.dir/link.txt --verbose=1
/usr/bin/cc  -DCHECK_FUNCTION_EXISTS=pthread_create    -rdynamic CMakeFiles/cmTC_d5b39.dir/CheckFunctionExists.c.o  -o cmTC_d5b39 -lpthreads 
/usr/bin/ld: cannot find -lpthreads
collect2: error: ld returned 1 exit status
CMakeFiles/cmTC_d5b39.dir/build.make:97: recipe for target 'cmTC_d5b39' failed
make[1]: *** [cmTC_d5b39] Error 1
make[1]: Leaving directory '/home/andrea/pmb2_public_ws/build/spencer_vision_msgs/CMakeFiles/CMakeTmp'
Makefile:126: recipe for target 'cmTC_d5b39/fast' failed
make: *** [cmTC_d5b39/fast] Error 2


