Determining if the pthread_create exist failed with the following output:
Change Dir: /home/andrea/pmb2_public_ws/build/my_turtlebot2_training/CMakeFiles/CMakeTmp

Run Build Command:"/usr/bin/make" "cmTC_5803d/fast"
/usr/bin/make -f CMakeFiles/cmTC_5803d.dir/build.make CMakeFiles/cmTC_5803d.dir/build
make[1]: Entering directory '/home/andrea/pmb2_public_ws/build/my_turtlebot2_training/CMakeFiles/CMakeTmp'
Building C object CMakeFiles/cmTC_5803d.dir/CheckSymbolExists.c.o
/usr/bin/cc    -o CMakeFiles/cmTC_5803d.dir/CheckSymbolExists.c.o   -c /home/andrea/pmb2_public_ws/build/my_turtlebot2_training/CMakeFiles/CMakeTmp/CheckSymbolExists.c
Linking C executable cmTC_5803d
/usr/bin/cmake -E cmake_link_script CMakeFiles/cmTC_5803d.dir/link.txt --verbose=1
/usr/bin/cc      -rdynamic CMakeFiles/cmTC_5803d.dir/CheckSymbolExists.c.o  -o cmTC_5803d 
CMakeFiles/cmTC_5803d.dir/CheckSymbolExists.c.o: In function `main':
CheckSymbolExists.c:(.text+0x1b): undefined reference to `pthread_create'
collect2: error: ld returned 1 exit status
CMakeFiles/cmTC_5803d.dir/build.make:97: recipe for target 'cmTC_5803d' failed
make[1]: *** [cmTC_5803d] Error 1
make[1]: Leaving directory '/home/andrea/pmb2_public_ws/build/my_turtlebot2_training/CMakeFiles/CMakeTmp'
Makefile:126: recipe for target 'cmTC_5803d/fast' failed
make: *** [cmTC_5803d/fast] Error 2

File /home/andrea/pmb2_public_ws/build/my_turtlebot2_training/CMakeFiles/CMakeTmp/CheckSymbolExists.c:
/* */
#include <pthread.h>

int main(int argc, char** argv)
{
  (void)argv;
#ifndef pthread_create
  return ((int*)(&pthread_create))[argc];
#else
  (void)argc;
  return 0;
#endif
}

Determining if the function pthread_create exists in the pthreads failed with the following output:
Change Dir: /home/andrea/pmb2_public_ws/build/my_turtlebot2_training/CMakeFiles/CMakeTmp

Run Build Command:"/usr/bin/make" "cmTC_d54bd/fast"
/usr/bin/make -f CMakeFiles/cmTC_d54bd.dir/build.make CMakeFiles/cmTC_d54bd.dir/build
make[1]: Entering directory '/home/andrea/pmb2_public_ws/build/my_turtlebot2_training/CMakeFiles/CMakeTmp'
Building C object CMakeFiles/cmTC_d54bd.dir/CheckFunctionExists.c.o
/usr/bin/cc   -DCHECK_FUNCTION_EXISTS=pthread_create   -o CMakeFiles/cmTC_d54bd.dir/CheckFunctionExists.c.o   -c /usr/share/cmake-3.10/Modules/CheckFunctionExists.c
Linking C executable cmTC_d54bd
/usr/bin/cmake -E cmake_link_script CMakeFiles/cmTC_d54bd.dir/link.txt --verbose=1
/usr/bin/cc  -DCHECK_FUNCTION_EXISTS=pthread_create    -rdynamic CMakeFiles/cmTC_d54bd.dir/CheckFunctionExists.c.o  -o cmTC_d54bd -lpthreads 
/usr/bin/ld: cannot find -lpthreads
collect2: error: ld returned 1 exit status
CMakeFiles/cmTC_d54bd.dir/build.make:97: recipe for target 'cmTC_d54bd' failed
make[1]: *** [cmTC_d54bd] Error 1
make[1]: Leaving directory '/home/andrea/pmb2_public_ws/build/my_turtlebot2_training/CMakeFiles/CMakeTmp'
Makefile:126: recipe for target 'cmTC_d54bd/fast' failed
make: *** [cmTC_d54bd/fast] Error 2


