Linked: (/home/andrea/pmb2_public_ws/devel/.private/pedsim_srvs/include/pedsim_srvs/SetAllAgentsState.h, /home/andrea/pmb2_public_ws/devel/include/pedsim_srvs/SetAllAgentsState.h)
Linked: (/home/andrea/pmb2_public_ws/devel/.private/pedsim_srvs/include/pedsim_srvs/SetAllAgentsStateResponse.h, /home/andrea/pmb2_public_ws/devel/include/pedsim_srvs/SetAllAgentsStateResponse.h)
Linked: (/home/andrea/pmb2_public_ws/devel/.private/pedsim_srvs/include/pedsim_srvs/GetAgentStateRequest.h, /home/andrea/pmb2_public_ws/devel/include/pedsim_srvs/GetAgentStateRequest.h)
Linked: (/home/andrea/pmb2_public_ws/devel/.private/pedsim_srvs/include/pedsim_srvs/GetAllAgentsStateResponse.h, /home/andrea/pmb2_public_ws/devel/include/pedsim_srvs/GetAllAgentsStateResponse.h)
Linked: (/home/andrea/pmb2_public_ws/devel/.private/pedsim_srvs/include/pedsim_srvs/GetAgentStateResponse.h, /home/andrea/pmb2_public_ws/devel/include/pedsim_srvs/GetAgentStateResponse.h)
Linked: (/home/andrea/pmb2_public_ws/devel/.private/pedsim_srvs/include/pedsim_srvs/SetAllAgentsStateRequest.h, /home/andrea/pmb2_public_ws/devel/include/pedsim_srvs/SetAllAgentsStateRequest.h)
Linked: (/home/andrea/pmb2_public_ws/devel/.private/pedsim_srvs/include/pedsim_srvs/GetAllAgentsState.h, /home/andrea/pmb2_public_ws/devel/include/pedsim_srvs/GetAllAgentsState.h)
Linked: (/home/andrea/pmb2_public_ws/devel/.private/pedsim_srvs/include/pedsim_srvs/GetAgentState.h, /home/andrea/pmb2_public_ws/devel/include/pedsim_srvs/GetAgentState.h)
Linked: (/home/andrea/pmb2_public_ws/devel/.private/pedsim_srvs/include/pedsim_srvs/SetAgentStateRequest.h, /home/andrea/pmb2_public_ws/devel/include/pedsim_srvs/SetAgentStateRequest.h)
Linked: (/home/andrea/pmb2_public_ws/devel/.private/pedsim_srvs/include/pedsim_srvs/SetAgentStateResponse.h, /home/andrea/pmb2_public_ws/devel/include/pedsim_srvs/SetAgentStateResponse.h)
Linked: (/home/andrea/pmb2_public_ws/devel/.private/pedsim_srvs/include/pedsim_srvs/GetAllAgentsStateRequest.h, /home/andrea/pmb2_public_ws/devel/include/pedsim_srvs/GetAllAgentsStateRequest.h)
Linked: (/home/andrea/pmb2_public_ws/devel/.private/pedsim_srvs/include/pedsim_srvs/SetAgentState.h, /home/andrea/pmb2_public_ws/devel/include/pedsim_srvs/SetAgentState.h)
Linked: (/home/andrea/pmb2_public_ws/devel/.private/pedsim_srvs/lib/python2.7/dist-packages/pedsim_srvs/__init__.py, /home/andrea/pmb2_public_ws/devel/lib/python2.7/dist-packages/pedsim_srvs/__init__.py)
Linked: (/home/andrea/pmb2_public_ws/devel/.private/pedsim_srvs/lib/python2.7/dist-packages/pedsim_srvs/srv/_SetAllAgentsState.py, /home/andrea/pmb2_public_ws/devel/lib/python2.7/dist-packages/pedsim_srvs/srv/_SetAllAgentsState.py)
Linked: (/home/andrea/pmb2_public_ws/devel/.private/pedsim_srvs/lib/python2.7/dist-packages/pedsim_srvs/srv/_SetAgentState.py, /home/andrea/pmb2_public_ws/devel/lib/python2.7/dist-packages/pedsim_srvs/srv/_SetAgentState.py)
Linked: (/home/andrea/pmb2_public_ws/devel/.private/pedsim_srvs/lib/python2.7/dist-packages/pedsim_srvs/srv/_GetAgentState.py, /home/andrea/pmb2_public_ws/devel/lib/python2.7/dist-packages/pedsim_srvs/srv/_GetAgentState.py)
Linked: (/home/andrea/pmb2_public_ws/devel/.private/pedsim_srvs/lib/python2.7/dist-packages/pedsim_srvs/srv/__init__.py, /home/andrea/pmb2_public_ws/devel/lib/python2.7/dist-packages/pedsim_srvs/srv/__init__.py)
Linked: (/home/andrea/pmb2_public_ws/devel/.private/pedsim_srvs/lib/python2.7/dist-packages/pedsim_srvs/srv/_GetAllAgentsState.py, /home/andrea/pmb2_public_ws/devel/lib/python2.7/dist-packages/pedsim_srvs/srv/_GetAllAgentsState.py)
Linked: (/home/andrea/pmb2_public_ws/devel/.private/pedsim_srvs/lib/pkgconfig/pedsim_srvs.pc, /home/andrea/pmb2_public_ws/devel/lib/pkgconfig/pedsim_srvs.pc)
Linked: (/home/andrea/pmb2_public_ws/devel/.private/pedsim_srvs/share/pedsim_srvs/cmake/pedsim_srvs-msg-extras.cmake, /home/andrea/pmb2_public_ws/devel/share/pedsim_srvs/cmake/pedsim_srvs-msg-extras.cmake)
Linked: (/home/andrea/pmb2_public_ws/devel/.private/pedsim_srvs/share/pedsim_srvs/cmake/pedsim_srvs-msg-paths.cmake, /home/andrea/pmb2_public_ws/devel/share/pedsim_srvs/cmake/pedsim_srvs-msg-paths.cmake)
Linked: (/home/andrea/pmb2_public_ws/devel/.private/pedsim_srvs/share/pedsim_srvs/cmake/pedsim_srvsConfig-version.cmake, /home/andrea/pmb2_public_ws/devel/share/pedsim_srvs/cmake/pedsim_srvsConfig-version.cmake)
Linked: (/home/andrea/pmb2_public_ws/devel/.private/pedsim_srvs/share/pedsim_srvs/cmake/pedsim_srvsConfig.cmake, /home/andrea/pmb2_public_ws/devel/share/pedsim_srvs/cmake/pedsim_srvsConfig.cmake)
Linked: (/home/andrea/pmb2_public_ws/devel/.private/pedsim_srvs/share/gennodejs/ros/pedsim_srvs/_index.js, /home/andrea/pmb2_public_ws/devel/share/gennodejs/ros/pedsim_srvs/_index.js)
Linked: (/home/andrea/pmb2_public_ws/devel/.private/pedsim_srvs/share/gennodejs/ros/pedsim_srvs/srv/SetAllAgentsState.js, /home/andrea/pmb2_public_ws/devel/share/gennodejs/ros/pedsim_srvs/srv/SetAllAgentsState.js)
Linked: (/home/andrea/pmb2_public_ws/devel/.private/pedsim_srvs/share/gennodejs/ros/pedsim_srvs/srv/GetAgentState.js, /home/andrea/pmb2_public_ws/devel/share/gennodejs/ros/pedsim_srvs/srv/GetAgentState.js)
Linked: (/home/andrea/pmb2_public_ws/devel/.private/pedsim_srvs/share/gennodejs/ros/pedsim_srvs/srv/_index.js, /home/andrea/pmb2_public_ws/devel/share/gennodejs/ros/pedsim_srvs/srv/_index.js)
Linked: (/home/andrea/pmb2_public_ws/devel/.private/pedsim_srvs/share/gennodejs/ros/pedsim_srvs/srv/GetAllAgentsState.js, /home/andrea/pmb2_public_ws/devel/share/gennodejs/ros/pedsim_srvs/srv/GetAllAgentsState.js)
Linked: (/home/andrea/pmb2_public_ws/devel/.private/pedsim_srvs/share/gennodejs/ros/pedsim_srvs/srv/SetAgentState.js, /home/andrea/pmb2_public_ws/devel/share/gennodejs/ros/pedsim_srvs/srv/SetAgentState.js)
Linked: (/home/andrea/pmb2_public_ws/devel/.private/pedsim_srvs/share/roseus/ros/pedsim_srvs/manifest.l, /home/andrea/pmb2_public_ws/devel/share/roseus/ros/pedsim_srvs/manifest.l)
Linked: (/home/andrea/pmb2_public_ws/devel/.private/pedsim_srvs/share/roseus/ros/pedsim_srvs/srv/GetAgentState.l, /home/andrea/pmb2_public_ws/devel/share/roseus/ros/pedsim_srvs/srv/GetAgentState.l)
Linked: (/home/andrea/pmb2_public_ws/devel/.private/pedsim_srvs/share/roseus/ros/pedsim_srvs/srv/SetAllAgentsState.l, /home/andrea/pmb2_public_ws/devel/share/roseus/ros/pedsim_srvs/srv/SetAllAgentsState.l)
Linked: (/home/andrea/pmb2_public_ws/devel/.private/pedsim_srvs/share/roseus/ros/pedsim_srvs/srv/SetAgentState.l, /home/andrea/pmb2_public_ws/devel/share/roseus/ros/pedsim_srvs/srv/SetAgentState.l)
Linked: (/home/andrea/pmb2_public_ws/devel/.private/pedsim_srvs/share/roseus/ros/pedsim_srvs/srv/GetAllAgentsState.l, /home/andrea/pmb2_public_ws/devel/share/roseus/ros/pedsim_srvs/srv/GetAllAgentsState.l)
Linked: (/home/andrea/pmb2_public_ws/devel/.private/pedsim_srvs/share/common-lisp/ros/pedsim_srvs/srv/GetAllAgentsState.lisp, /home/andrea/pmb2_public_ws/devel/share/common-lisp/ros/pedsim_srvs/srv/GetAllAgentsState.lisp)
Linked: (/home/andrea/pmb2_public_ws/devel/.private/pedsim_srvs/share/common-lisp/ros/pedsim_srvs/srv/_package_GetAgentState.lisp, /home/andrea/pmb2_public_ws/devel/share/common-lisp/ros/pedsim_srvs/srv/_package_GetAgentState.lisp)
Linked: (/home/andrea/pmb2_public_ws/devel/.private/pedsim_srvs/share/common-lisp/ros/pedsim_srvs/srv/SetAllAgentsState.lisp, /home/andrea/pmb2_public_ws/devel/share/common-lisp/ros/pedsim_srvs/srv/SetAllAgentsState.lisp)
Linked: (/home/andrea/pmb2_public_ws/devel/.private/pedsim_srvs/share/common-lisp/ros/pedsim_srvs/srv/_package.lisp, /home/andrea/pmb2_public_ws/devel/share/common-lisp/ros/pedsim_srvs/srv/_package.lisp)
Linked: (/home/andrea/pmb2_public_ws/devel/.private/pedsim_srvs/share/common-lisp/ros/pedsim_srvs/srv/_package_SetAllAgentsState.lisp, /home/andrea/pmb2_public_ws/devel/share/common-lisp/ros/pedsim_srvs/srv/_package_SetAllAgentsState.lisp)
Linked: (/home/andrea/pmb2_public_ws/devel/.private/pedsim_srvs/share/common-lisp/ros/pedsim_srvs/srv/SetAgentState.lisp, /home/andrea/pmb2_public_ws/devel/share/common-lisp/ros/pedsim_srvs/srv/SetAgentState.lisp)
Linked: (/home/andrea/pmb2_public_ws/devel/.private/pedsim_srvs/share/common-lisp/ros/pedsim_srvs/srv/_package_GetAllAgentsState.lisp, /home/andrea/pmb2_public_ws/devel/share/common-lisp/ros/pedsim_srvs/srv/_package_GetAllAgentsState.lisp)
Linked: (/home/andrea/pmb2_public_ws/devel/.private/pedsim_srvs/share/common-lisp/ros/pedsim_srvs/srv/_package_SetAgentState.lisp, /home/andrea/pmb2_public_ws/devel/share/common-lisp/ros/pedsim_srvs/srv/_package_SetAgentState.lisp)
Linked: (/home/andrea/pmb2_public_ws/devel/.private/pedsim_srvs/share/common-lisp/ros/pedsim_srvs/srv/pedsim_srvs-srv.asd, /home/andrea/pmb2_public_ws/devel/share/common-lisp/ros/pedsim_srvs/srv/pedsim_srvs-srv.asd)
Linked: (/home/andrea/pmb2_public_ws/devel/.private/pedsim_srvs/share/common-lisp/ros/pedsim_srvs/srv/GetAgentState.lisp, /home/andrea/pmb2_public_ws/devel/share/common-lisp/ros/pedsim_srvs/srv/GetAgentState.lisp)
