Symlinking /home/andrea/pedsim_ros/devel/include/spencer_social_relation_msgs/SocialRelations.h
Symlinking /home/andrea/pedsim_ros/devel/include/spencer_social_relation_msgs/SocialRelation.h
Symlinking /home/andrea/pedsim_ros/devel/include/spencer_social_relation_msgs/SocialActivities.h
Symlinking /home/andrea/pedsim_ros/devel/include/spencer_social_relation_msgs/SocialActivity.h
Symlinking /home/andrea/pedsim_ros/devel/lib/python2.7/dist-packages/spencer_social_relation_msgs/__init__.py
Symlinking /home/andrea/pedsim_ros/devel/lib/python2.7/dist-packages/spencer_social_relation_msgs/msg/_SocialActivities.py
Symlinking /home/andrea/pedsim_ros/devel/lib/python2.7/dist-packages/spencer_social_relation_msgs/msg/_SocialActivity.py
Symlinking /home/andrea/pedsim_ros/devel/lib/python2.7/dist-packages/spencer_social_relation_msgs/msg/_SocialRelations.py
Symlinking /home/andrea/pedsim_ros/devel/lib/python2.7/dist-packages/spencer_social_relation_msgs/msg/__init__.py
Symlinking /home/andrea/pedsim_ros/devel/lib/python2.7/dist-packages/spencer_social_relation_msgs/msg/_SocialRelation.py
Symlinking /home/andrea/pedsim_ros/devel/lib/pkgconfig/spencer_social_relation_msgs.pc
Symlinking /home/andrea/pedsim_ros/devel/share/gennodejs/ros/spencer_social_relation_msgs/_index.js
Symlinking /home/andrea/pedsim_ros/devel/share/gennodejs/ros/spencer_social_relation_msgs/msg/SocialActivity.js
Symlinking /home/andrea/pedsim_ros/devel/share/gennodejs/ros/spencer_social_relation_msgs/msg/SocialActivities.js
Symlinking /home/andrea/pedsim_ros/devel/share/gennodejs/ros/spencer_social_relation_msgs/msg/SocialRelation.js
Symlinking /home/andrea/pedsim_ros/devel/share/gennodejs/ros/spencer_social_relation_msgs/msg/_index.js
Symlinking /home/andrea/pedsim_ros/devel/share/gennodejs/ros/spencer_social_relation_msgs/msg/SocialRelations.js
Symlinking /home/andrea/pedsim_ros/devel/share/roseus/ros/spencer_social_relation_msgs/manifest.l
Symlinking /home/andrea/pedsim_ros/devel/share/roseus/ros/spencer_social_relation_msgs/msg/SocialRelation.l
Symlinking /home/andrea/pedsim_ros/devel/share/roseus/ros/spencer_social_relation_msgs/msg/SocialActivity.l
Symlinking /home/andrea/pedsim_ros/devel/share/roseus/ros/spencer_social_relation_msgs/msg/SocialActivities.l
Symlinking /home/andrea/pedsim_ros/devel/share/roseus/ros/spencer_social_relation_msgs/msg/SocialRelations.l
Symlinking /home/andrea/pedsim_ros/devel/share/common-lisp/ros/spencer_social_relation_msgs/msg/_package_SocialRelations.lisp
Symlinking /home/andrea/pedsim_ros/devel/share/common-lisp/ros/spencer_social_relation_msgs/msg/SocialRelation.lisp
Symlinking /home/andrea/pedsim_ros/devel/share/common-lisp/ros/spencer_social_relation_msgs/msg/_package_SocialActivities.lisp
Symlinking /home/andrea/pedsim_ros/devel/share/common-lisp/ros/spencer_social_relation_msgs/msg/SocialActivities.lisp
Symlinking /home/andrea/pedsim_ros/devel/share/common-lisp/ros/spencer_social_relation_msgs/msg/_package.lisp
Symlinking /home/andrea/pedsim_ros/devel/share/common-lisp/ros/spencer_social_relation_msgs/msg/SocialRelations.lisp
Symlinking /home/andrea/pedsim_ros/devel/share/common-lisp/ros/spencer_social_relation_msgs/msg/_package_SocialActivity.lisp
Symlinking /home/andrea/pedsim_ros/devel/share/common-lisp/ros/spencer_social_relation_msgs/msg/SocialActivity.lisp
Symlinking /home/andrea/pedsim_ros/devel/share/common-lisp/ros/spencer_social_relation_msgs/msg/spencer_social_relation_msgs-msg.asd
Symlinking /home/andrea/pedsim_ros/devel/share/common-lisp/ros/spencer_social_relation_msgs/msg/_package_SocialRelation.lisp
Symlinking /home/andrea/pedsim_ros/devel/share/spencer_social_relation_msgs/cmake/spencer_social_relation_msgsConfig-version.cmake
Symlinking /home/andrea/pedsim_ros/devel/share/spencer_social_relation_msgs/cmake/spencer_social_relation_msgsConfig.cmake
Symlinking /home/andrea/pedsim_ros/devel/share/spencer_social_relation_msgs/cmake/spencer_social_relation_msgs-msg-extras.cmake
Symlinking /home/andrea/pedsim_ros/devel/share/spencer_social_relation_msgs/cmake/spencer_social_relation_msgs-msg-paths.cmake
